[INFO] [1774694717.019397705] [aic_model]: Loading policy module: my_policy.ExpertCollector
[INFO] [1774694717.035715845] [aic_model]: Loaded policy module my_policy.ExpertCollector
[INFO] [1774694717.036297871] [aic_model]: Using policy: ExpertCollector
[INFO] [1774694722.436553477] [aic_model]: on_configure(LifecycleState(label='unconfigured', state_id=1))
[INFO] [1774694722.438927114] [aic_model]: Instantiating policy...
[INFO] [1774694722.448327225] [aic_model]: Policy.__init__()
[INFO] [1774694722.449057199] [aic_model]: ExpertCollector initialized
[INFO] [1774694724.394023897] [aic_model]: on_activate()
[INFO] [1774694726.883642641] [aic_model]: Goal accepted
[INFO] [1774694726.890095921] [aic_model]: Entering insert_cable_execute_callback()
[INFO] [1774694726.902000845] [aic_model]: insert_cable execute loop
[INFO] [1774694726.905618836] [aic_model]: ExpertCollector.insert_cable() — Task: aic_task_interfaces.msg.Task(id='scenario_007', cable_type='sfp_sc', cable_name='cable_0', plug_type='sfp', plug_name='sfp_tip', port_type='sfp', port_name='sfp_port_0', target_module_name='nic_card_mount_2', time_limit=60)
[INFO] [1774694726.910668093] [aic_model]: Phase 1: safe approach above port
[INFO] [1774694726.912407999] [aic_model]: Setting cartesian mode...
[INFO] [1774694726.918292257] [aic_model]: Successfully set target mode
[INFO] [1774694729.283321921] [aic_model]: insert_cable execute loop
[INFO] [1774694731.481881818] [aic_model]: insert_cable execute loop
[INFO] [1774694733.703866047] [aic_model]: insert_cable execute loop
[INFO] [1774694735.904546437] [aic_model]: insert_cable execute loop
[INFO] [1774694738.213465250] [aic_model]: insert_cable execute loop
[INFO] [1774694740.410834515] [aic_model]: insert_cable execute loop
[INFO] [1774694742.675955298] [aic_model]: insert_cable execute loop
[INFO] [1774694744.934265428] [aic_model]: insert_cable execute loop
[INFO] [1774694746.002829537] [aic_model]: Aligned above port: xy_err=0.0007m, z_above=0.1080m
[INFO] [1774694746.009330126] [aic_model]: Phase 2: descending into port
[INFO] [1774694747.252850861] [aic_model]: insert_cable execute loop
[INFO] [1774694749.698813821] [aic_model]: insert_cable execute loop
[INFO] [1774694752.153726080] [aic_model]: insert_cable execute loop
[INFO] [1774694754.550583418] [aic_model]: insert_cable execute loop
[INFO] [1774694757.023437176] [aic_model]: insert_cable execute loop
[INFO] [1774694759.513455590] [aic_model]: insert_cable execute loop
[INFO] [1774694761.907152728] [aic_model]: insert_cable execute loop
[INFO] [1774694764.408301208] [aic_model]: insert_cable execute loop
[INFO] [1774694766.909570896] [aic_model]: insert_cable execute loop
[INFO] [1774694769.403183287] [aic_model]: insert_cable execute loop
[INFO] [1774694771.075394671] [aic_model]: ExpertCollector.insert_cable() done
[INFO] [1774694771.912521285] [aic_model]: insert_cable() returned True
[ros2run]: Received signal:  Terminated
reentrant call inside <_io.BufferedWriter name='<stdout>'>
Exception in thread Thread-1 (run_func):
Traceback (most recent call last):
  File "/home/brandon/ws_aic/src/aic/.pixi/envs/default/lib/python3.12/threading.py", line 1075, in _bootstrap_inner
    self.run()
  File "/home/brandon/ws_aic/src/aic/.pixi/envs/default/lib/python3.12/threading.py", line 1012, in run
    self._target(*self._args, **self._kwargs)
  File "/home/brandon/ws_aic/src/aic/.pixi/envs/default/lib/python3.12/site-packages/tf2_ros/transform_listener.py", line 115, in run_func
    self.executor.spin()
  File "/home/brandon/ws_aic/src/aic/.pixi/envs/default/lib/python3.12/site-packages/rclpy/executors.py", line 374, in spin
    self.spin_once()
  File "/home/brandon/ws_aic/src/aic/.pixi/envs/default/lib/python3.12/site-packages/rclpy/executors.py", line 968, in spin_once
    self._spin_once_impl(timeout_sec)
  File "/home/brandon/ws_aic/src/aic/.pixi/envs/default/lib/python3.12/site-packages/rclpy/executors.py", line 951, in _spin_once_impl
    handler, entity, node = self.wait_for_ready_callbacks(
                            ^^^^^^^^^^^^^^^^^^^^^^^^^^^^^^
  File "/home/brandon/ws_aic/src/aic/.pixi/envs/default/lib/python3.12/site-packages/rclpy/executors.py", line 921, in wait_for_ready_callbacks
    return next(self._cb_iter)
           ^^^^^^^^^^^^^^^^^^^
  File "/home/brandon/ws_aic/src/aic/.pixi/envs/default/lib/python3.12/site-packages/rclpy/executors.py", line 827, in _wait_for_ready_callbacks
    raise ExternalShutdownException()
rclpy.executors.ExternalShutdownException
