[INFO] [1774694817.176347883] [aic_model]: Loading policy module: my_policy.ExpertCollector
[INFO] [1774694817.187936621] [aic_model]: Loaded policy module my_policy.ExpertCollector
[INFO] [1774694817.188442203] [aic_model]: Using policy: ExpertCollector
[INFO] [1774694822.580842291] [aic_model]: on_configure(LifecycleState(label='unconfigured', state_id=1))
[INFO] [1774694822.582346052] [aic_model]: Instantiating policy...
[INFO] [1774694822.594132603] [aic_model]: Policy.__init__()
[INFO] [1774694822.594802915] [aic_model]: ExpertCollector initialized
[INFO] [1774694824.503316553] [aic_model]: on_activate()
[INFO] [1774694827.071598908] [aic_model]: Goal accepted
[INFO] [1774694827.086585714] [aic_model]: Entering insert_cable_execute_callback()
[INFO] [1774694827.091318565] [aic_model]: insert_cable execute loop
[INFO] [1774694827.092157665] [aic_model]: ExpertCollector.insert_cable() — Task: aic_task_interfaces.msg.Task(id='scenario_008', cable_type='sfp_sc', cable_name='cable_0', plug_type='sc', plug_name='sc_tip', port_type='sc', port_name='sc_port_base', target_module_name='sc_port_1', time_limit=60)
[INFO] [1774694827.099161220] [aic_model]: Phase 1: safe approach above port
[INFO] [1774694827.105236559] [aic_model]: Setting cartesian mode...
[INFO] [1774694827.109848472] [aic_model]: Successfully set target mode
[INFO] [1774694829.369445996] [aic_model]: insert_cable execute loop
[INFO] [1774694831.658616698] [aic_model]: insert_cable execute loop
[INFO] [1774694833.969291818] [aic_model]: insert_cable execute loop
[INFO] [1774694836.291490693] [aic_model]: insert_cable execute loop
[INFO] [1774694838.568519085] [aic_model]: insert_cable execute loop
[INFO] [1774694840.945777824] [aic_model]: insert_cable execute loop
[INFO] [1774694843.311693307] [aic_model]: insert_cable execute loop
[INFO] [1774694845.692897994] [aic_model]: insert_cable execute loop
[INFO] [1774694848.061111814] [aic_model]: insert_cable execute loop
[INFO] [1774694850.527432372] [aic_model]: insert_cable execute loop
[INFO] [1774694852.206356566] [aic_model]: Phase 2: descending into port
[INFO] [1774694852.963188336] [aic_model]: insert_cable execute loop
[INFO] [1774694855.384215339] [aic_model]: insert_cable execute loop
[INFO] [1774694857.664116712] [aic_model]: insert_cable execute loop
[INFO] [1774694859.993082728] [aic_model]: insert_cable execute loop
[INFO] [1774694862.410477061] [aic_model]: insert_cable execute loop
[INFO] [1774694864.852446252] [aic_model]: insert_cable execute loop
[INFO] [1774694867.315525508] [aic_model]: insert_cable execute loop
[INFO] [1774694869.818741921] [aic_model]: insert_cable execute loop
[INFO] [1774694872.243568277] [aic_model]: insert_cable execute loop
[INFO] [1774694874.731053974] [aic_model]: insert_cable execute loop
[INFO] [1774694877.273390699] [aic_model]: insert_cable execute loop
[INFO] [1774694877.297120626] [aic_model]: ExpertCollector.insert_cable() done
[INFO] [1774694879.857470786] [aic_model]: insert_cable() returned True
[ros2run]: Received signal:  Terminated
[ros2run]: Received signal:  Terminated
Traceback (most recent call last):
Exception in thread Thread-1 (run_func):
  File "/home/brandon/ws_aic/src/aic/.pixi/envs/default/lib/aic_model/aic_model", line 33, in <module>
Traceback (most recent call last):
  File "/home/brandon/ws_aic/src/aic/.pixi/envs/default/lib/python3.12/threading.py", line 1075, in _bootstrap_inner
    sys.exit(load_entry_point('aic_model==0.0.1', 'console_scripts', 'aic_model')())
             ^^^^^^^^^^^^^^^^^^^^^^^^^^^^^^^^^^^^^^^^^^^^^^^^^^^^^^^^^^^^^^^^^^^^^^
  File "/home/brandon/ws_aic/src/aic/.pixi/envs/default/lib/python3.12/site-packages/aic_model/aic_model.py", line 329, in main
    executor.spin()
  File "/home/brandon/ws_aic/src/aic/.pixi/envs/default/lib/python3.12/site-packages/rclpy/executors.py", line 374, in spin
    self.spin_once()
  File "/home/brandon/ws_aic/src/aic/.pixi/envs/default/lib/python3.12/site-packages/rclpy/executors.py", line 1047, in spin_once
    self._spin_once_impl(timeout_sec)
  File "/home/brandon/ws_aic/src/aic/.pixi/envs/default/lib/python3.12/site-packages/rclpy/executors.py", line 1026, in _spin_once_impl
    handler, entity, node = self.wait_for_ready_callbacks(
                            ^^^^^^^^^^^^^^^^^^^^^^^^^^^^^^
  File "/home/brandon/ws_aic/src/aic/.pixi/envs/default/lib/python3.12/site-packages/rclpy/executors.py", line 921, in wait_for_ready_callbacks
    return next(self._cb_iter)
           ^^^^^^^^^^^^^^^^^^^
  File "/home/brandon/ws_aic/src/aic/.pixi/envs/default/lib/python3.12/site-packages/rclpy/executors.py", line 799, in _wait_for_ready_callbacks
    self.run()
    wait_set = _rclpy.WaitSet(
               ^^^^^^^^^^^^^^^
  File "/home/brandon/ws_aic/src/aic/.pixi/envs/default/lib/python3.12/threading.py", line 1012, in run
rclpy._rclpy_pybind11.RCLError: failed to initialize wait set: the given context is not valid, either rcl_init() was not called or rcl_shutdown() was called., at /home/runner/conda-bld/bld/rattler-build_ros-kilted-rcl_1769484624/work/ros-kilted-rcl/src/work/src/rcl/wait.c:105
    self._target(*self._args, **self._kwargs)
  File "/home/brandon/ws_aic/src/aic/.pixi/envs/default/lib/python3.12/site-packages/tf2_ros/transform_listener.py", line 115, in run_func
    self.executor.spin()
  File "/home/brandon/ws_aic/src/aic/.pixi/envs/default/lib/python3.12/site-packages/rclpy/executors.py", line 374, in spin
    self.spin_once()
  File "/home/brandon/ws_aic/src/aic/.pixi/envs/default/lib/python3.12/site-packages/rclpy/executors.py", line 968, in spin_once
    self._spin_once_impl(timeout_sec)
  File "/home/brandon/ws_aic/src/aic/.pixi/envs/default/lib/python3.12/site-packages/rclpy/executors.py", line 951, in _spin_once_impl
    handler, entity, node = self.wait_for_ready_callbacks(
                            ^^^^^^^^^^^^^^^^^^^^^^^^^^^^^^
  File "/home/brandon/ws_aic/src/aic/.pixi/envs/default/lib/python3.12/site-packages/rclpy/executors.py", line 921, in wait_for_ready_callbacks
    return next(self._cb_iter)
           ^^^^^^^^^^^^^^^^^^^
  File "/home/brandon/ws_aic/src/aic/.pixi/envs/default/lib/python3.12/site-packages/rclpy/executors.py", line 827, in _wait_for_ready_callbacks
    raise ExternalShutdownException()
rclpy.executors.ExternalShutdownException
[ERROR] [1774694886.313622794] [rmw_zenoh_cpp]: SubscriberCallback triggered over 0/tf/tf2_msgs::msg::dds_::TFMessage_/RIHS01_e369d0f05a23ae52508854b66f6aa0437f3449d652e8cbf22d5abe85d020f087.
[ros2run]: Process exited with failure 1
