[INFO] [1774694514.802321637] [aic_model]: Loading policy module: my_policy.ExpertCollector
[INFO] [1774694514.817407769] [aic_model]: Loaded policy module my_policy.ExpertCollector
[INFO] [1774694514.817960459] [aic_model]: Using policy: ExpertCollector
[INFO] [1774694520.091613940] [aic_model]: on_configure(LifecycleState(label='unconfigured', state_id=1))
[INFO] [1774694520.099711118] [aic_model]: Instantiating policy...
[INFO] [1774694520.114625186] [aic_model]: Policy.__init__()
[INFO] [1774694520.115370399] [aic_model]: ExpertCollector initialized
[INFO] [1774694521.806726136] [aic_model]: on_activate()
[INFO] [1774694524.104566336] [aic_model]: Goal accepted
[INFO] [1774694524.111916208] [aic_model]: Entering insert_cable_execute_callback()
[INFO] [1774694524.120605702] [aic_model]: insert_cable execute loop
[INFO] [1774694524.121392122] [aic_model]: ExpertCollector.insert_cable() — Task: aic_task_interfaces.msg.Task(id='scenario_005', cable_type='sfp_sc', cable_name='cable_0', plug_type='sc', plug_name='sc_tip', port_type='sc', port_name='sc_port_base', target_module_name='sc_port_0', time_limit=60)
[INFO] [1774694524.122779693] [aic_model]: Phase 1: safe approach above port
[INFO] [1774694524.125509721] [aic_model]: Setting cartesian mode...
[INFO] [1774694524.133661422] [aic_model]: Successfully set target mode
[INFO] [1774694526.298764463] [aic_model]: insert_cable execute loop
[INFO] [1774694528.520694240] [aic_model]: insert_cable execute loop
[INFO] [1774694530.764328987] [aic_model]: insert_cable execute loop
[INFO] [1774694533.044423168] [aic_model]: insert_cable execute loop
[INFO] [1774694535.392727360] [aic_model]: insert_cable execute loop
[INFO] [1774694537.786032442] [aic_model]: insert_cable execute loop
[INFO] [1774694540.251001003] [aic_model]: insert_cable execute loop
[INFO] [1774694542.717662371] [aic_model]: insert_cable execute loop
[INFO] [1774694545.192704381] [aic_model]: insert_cable execute loop
[INFO] [1774694547.616148084] [aic_model]: insert_cable execute loop
[INFO] [1774694549.225843919] [aic_model]: Phase 2: descending into port
[INFO] [1774694550.143198071] [aic_model]: insert_cable execute loop
[INFO] [1774694552.660015231] [aic_model]: insert_cable execute loop
[INFO] [1774694555.153659661] [aic_model]: insert_cable execute loop
[INFO] [1774694557.627670029] [aic_model]: insert_cable execute loop
[INFO] [1774694560.092847674] [aic_model]: insert_cable execute loop
[INFO] [1774694562.600100343] [aic_model]: insert_cable execute loop
[INFO] [1774694565.150963777] [aic_model]: insert_cable execute loop
[INFO] [1774694567.636170497] [aic_model]: insert_cable execute loop
[INFO] [1774694570.099910697] [aic_model]: insert_cable execute loop
[INFO] [1774694572.655540556] [aic_model]: insert_cable execute loop
[INFO] [1774694574.333313451] [aic_model]: ExpertCollector.insert_cable() done
[INFO] [1774694575.148133826] [aic_model]: insert_cable() returned True
[ros2run]: Received signal:  Terminated
[ros2run]: Received signal:  Terminated
Exception in thread Thread-1 (run_func):
Traceback (most recent call last):
  File "/home/brandon/ws_aic/src/aic/.pixi/envs/default/lib/python3.12/threading.py", line 1075, in _bootstrap_inner
    self.run()
  File "/home/brandon/ws_aic/src/aic/.pixi/envs/default/lib/python3.12/threading.py", line 1012, in run
    self._target(*self._args, **self._kwargs)
  File "/home/brandon/ws_aic/src/aic/.pixi/envs/default/lib/python3.12/site-packages/tf2_ros/transform_listener.py", line 115, in run_func
    self.executor.spin()
  File "/home/brandon/ws_aic/src/aic/.pixi/envs/default/lib/python3.12/site-packages/rclpy/executors.py", line 374, in spin
    self.spin_once()
  File "/home/brandon/ws_aic/src/aic/.pixi/envs/default/lib/python3.12/site-packages/rclpy/executors.py", line 968, in spin_once
    self._spin_once_impl(timeout_sec)
  File "/home/brandon/ws_aic/src/aic/.pixi/envs/default/lib/python3.12/site-packages/rclpy/executors.py", line 951, in _spin_once_impl
    handler, entity, node = self.wait_for_ready_callbacks(
                            ^^^^^^^^^^^^^^^^^^^^^^^^^^^^^^
  File "/home/brandon/ws_aic/src/aic/.pixi/envs/default/lib/python3.12/site-packages/rclpy/executors.py", line 921, in wait_for_ready_callbacks
    return next(self._cb_iter)
           ^^^^^^^^^^^^^^^^^^^
  File "/home/brandon/ws_aic/src/aic/.pixi/envs/default/lib/python3.12/site-packages/rclpy/executors.py", line 827, in _wait_for_ready_callbacks
    raise ExternalShutdownException()
rclpy.executors.ExternalShutdownException
