[INFO] [1774694304.253795077] [aic_model]: Loading policy module: my_policy.ExpertCollector
[INFO] [1774694304.264822310] [aic_model]: Loaded policy module my_policy.ExpertCollector
[INFO] [1774694304.265349392] [aic_model]: Using policy: ExpertCollector
[INFO] [1774694309.524410059] [aic_model]: on_configure(LifecycleState(label='unconfigured', state_id=1))
[INFO] [1774694309.524955896] [aic_model]: Instantiating policy...
[INFO] [1774694309.535012743] [aic_model]: Policy.__init__()
[INFO] [1774694309.535810043] [aic_model]: ExpertCollector initialized
[INFO] [1774694311.272443253] [aic_model]: on_activate()
[INFO] [1774694313.639831259] [aic_model]: Goal accepted
[INFO] [1774694313.644683221] [aic_model]: Entering insert_cable_execute_callback()
[INFO] [1774694313.650572213] [aic_model]: ExpertCollector.insert_cable() — Task: aic_task_interfaces.msg.Task(id='scenario_003', cable_type='sfp_sc', cable_name='cable_0', plug_type='sc', plug_name='sc_tip', port_type='sc', port_name='sc_port_base', target_module_name='sc_port_1', time_limit=60)
[INFO] [1774694313.655836240] [aic_model]: insert_cable execute loop
[INFO] [1774694313.657175721] [aic_model]: Phase 1: safe approach above port
[INFO] [1774694313.658950000] [aic_model]: Setting cartesian mode...
[INFO] [1774694313.663857737] [aic_model]: Successfully set target mode
[INFO] [1774694315.825282264] [aic_model]: insert_cable execute loop
[INFO] [1774694318.027962464] [aic_model]: insert_cable execute loop
[INFO] [1774694320.224111263] [aic_model]: insert_cable execute loop
[INFO] [1774694322.382273872] [aic_model]: insert_cable execute loop
[INFO] [1774694324.612666316] [aic_model]: insert_cable execute loop
[INFO] [1774694326.816053737] [aic_model]: insert_cable execute loop
[INFO] [1774694329.067319244] [aic_model]: insert_cable execute loop
[INFO] [1774694331.344244311] [aic_model]: insert_cable execute loop
[INFO] [1774694333.608113578] [aic_model]: insert_cable execute loop
[INFO] [1774694335.840720229] [aic_model]: insert_cable execute loop
[INFO] [1774694338.057873117] [aic_model]: insert_cable execute loop
[INFO] [1774694338.786410640] [aic_model]: Phase 2: descending into port
[INFO] [1774694340.305184793] [aic_model]: insert_cable execute loop
[INFO] [1774694342.547009562] [aic_model]: insert_cable execute loop
[INFO] [1774694344.731513315] [aic_model]: insert_cable execute loop
[INFO] [1774694346.924778075] [aic_model]: insert_cable execute loop
[INFO] [1774694349.182330724] [aic_model]: insert_cable execute loop
[INFO] [1774694351.462573355] [aic_model]: insert_cable execute loop
[INFO] [1774694353.742532944] [aic_model]: insert_cable execute loop
[INFO] [1774694356.010407098] [aic_model]: insert_cable execute loop
[INFO] [1774694358.287973983] [aic_model]: insert_cable execute loop
[INFO] [1774694360.627952696] [aic_model]: insert_cable execute loop
[INFO] [1774694363.007611687] [aic_model]: insert_cable execute loop
[INFO] [1774694363.644218819] [aic_model]: ExpertCollector.insert_cable() done
[INFO] [1774694365.499147117] [aic_model]: insert_cable() returned True
[ros2run]: Received signal:  Terminated
[ros2run]: Received signal:  Terminated
Exception in thread Thread-1 (run_func):
Traceback (most recent call last):
  File "/home/brandon/ws_aic/src/aic/.pixi/envs/default/lib/python3.12/threading.py", line 1075, in _bootstrap_inner
    self.run()
  File "/home/brandon/ws_aic/src/aic/.pixi/envs/default/lib/python3.12/threading.py", line 1012, in run
    self._target(*self._args, **self._kwargs)
  File "/home/brandon/ws_aic/src/aic/.pixi/envs/default/lib/python3.12/site-packages/tf2_ros/transform_listener.py", line 115, in run_func
    self.executor.spin()
  File "/home/brandon/ws_aic/src/aic/.pixi/envs/default/lib/python3.12/site-packages/rclpy/executors.py", line 374, in spin
    self.spin_once()
  File "/home/brandon/ws_aic/src/aic/.pixi/envs/default/lib/python3.12/site-packages/rclpy/executors.py", line 968, in spin_once
    self._spin_once_impl(timeout_sec)
  File "/home/brandon/ws_aic/src/aic/.pixi/envs/default/lib/python3.12/site-packages/rclpy/executors.py", line 951, in _spin_once_impl
    handler, entity, node = self.wait_for_ready_callbacks(
                            ^^^^^^^^^^^^^^^^^^^^^^^^^^^^^^
  File "/home/brandon/ws_aic/src/aic/.pixi/envs/default/lib/python3.12/site-packages/rclpy/executors.py", line 921, in wait_for_ready_callbacks
    return next(self._cb_iter)
           ^^^^^^^^^^^^^^^^^^^
  File "/home/brandon/ws_aic/src/aic/.pixi/envs/default/lib/python3.12/site-packages/rclpy/executors.py", line 827, in _wait_for_ready_callbacks
    raise ExternalShutdownException()
rclpy.executors.ExternalShutdownException
