Waiting for an action server to become available...
Sending goal:
     task:
  id: scenario_001
  cable_type: sfp_sc
  cable_name: cable_0
  plug_type: sfp
  plug_name: sfp_tip
  port_type: sfp
  port_name: sfp_port_0
  target_module_name: nic_card_mount_2
  time_limit: 60

Goal accepted with ID: c82aa612e6ca4ff282686b5a67486a88

Feedback:
    message: 'Expert: approaching port'

Feedback:
    message: 'Expert: translating, xy_err=0.1430m'

Feedback:
    message: 'Expert: translating, xy_err=0.1395m'

Feedback:
    message: 'Expert: translating, xy_err=0.1353m'

Feedback:
    message: 'Expert: translating, xy_err=0.1311m'

Feedback:
    message: 'Expert: translating, xy_err=0.1264m'

Feedback:
    message: 'Expert: translating, xy_err=0.1218m'

Feedback:
    message: 'Expert: translating, xy_err=0.1172m'

Feedback:
    message: 'Expert: translating, xy_err=0.1118m'

Feedback:
    message: 'Expert: translating, xy_err=0.1066m'

Feedback:
    message: 'Expert: translating, xy_err=0.1020m'

Feedback:
    message: 'Expert: translating, xy_err=0.0970m'

Feedback:
    message: 'Expert: translating, xy_err=0.0918m'

Feedback:
    message: 'Expert: translating, xy_err=0.0870m'

Feedback:
    message: 'Expert: translating, xy_err=0.0826m'

Feedback:
    message: 'Expert: translating, xy_err=0.0774m'

Feedback:
    message: 'Expert: translating, xy_err=0.0732m'

Feedback:
    message: 'Expert: translating, xy_err=0.0681m'

Feedback:
    message: 'Expert: translating, xy_err=0.0640m'

Feedback:
    message: 'Expert: translating, xy_err=0.0606m'

Feedback:
    message: 'Expert: translating, xy_err=0.0571m'

Feedback:
    message: 'Expert: translating, xy_err=0.0535m'

Feedback:
    message: 'Expert: translating, xy_err=0.0501m'

Feedback:
    message: 'Expert: translating, xy_err=0.0465m'

Feedback:
    message: 'Expert: translating, xy_err=0.0427m'

Feedback:
    message: 'Expert: translating, xy_err=0.0394m'

Feedback:
    message: 'Expert: translating, xy_err=0.0356m'

Feedback:
    message: 'Expert: translating, xy_err=0.0325m'

Feedback:
    message: 'Expert: translating, xy_err=0.0295m'

Feedback:
    message: 'Expert: translating, xy_err=0.0264m'

Feedback:
    message: 'Expert: translating, xy_err=0.0236m'

Feedback:
    message: 'Expert: translating, xy_err=0.0212m'

Feedback:
    message: 'Expert: translating, xy_err=0.0189m'

Feedback:
    message: 'Expert: translating, xy_err=0.0166m'

Feedback:
    message: 'Expert: translating, xy_err=0.0148m'

Feedback:
    message: 'Expert: translating, xy_err=0.0131m'

Feedback:
    message: 'Expert: translating, xy_err=0.0118m'

Feedback:
    message: 'Expert: translating, xy_err=0.0108m'

Feedback:
    message: 'Expert: translating, xy_err=0.0097m'

Feedback:
    message: 'Expert: translating, xy_err=0.0088m'

Feedback:
    message: 'Expert: translating, xy_err=0.0079m'

Feedback:
    message: 'Expert: translating, xy_err=0.0072m'

Feedback:
    message: 'Expert: translating, xy_err=0.0066m'

Feedback:
    message: 'Expert: translating, xy_err=0.0061m'

Feedback:
    message: 'Expert: translating, xy_err=0.0056m'

Feedback:
    message: 'Expert: translating, xy_err=0.0051m'

Feedback:
    message: 'Expert: translating, xy_err=0.0047m'

Feedback:
    message: 'Expert: translating, xy_err=0.0043m'

Feedback:
    message: 'Expert: translating, xy_err=0.0039m'

Feedback:
    message: 'Expert: translating, xy_err=0.0035m'

Feedback:
    message: 'Expert: translating, xy_err=0.0032m'

Feedback:
    message: 'Expert: lowering, z_above=0.1447m'

Feedback:
    message: 'Expert: lowering, z_above=0.1434m'

Feedback:
    message: 'Expert: lowering, z_above=0.1400m'

Feedback:
    message: 'Expert: lowering, z_above=0.1358m'

Feedback:
    message: 'Expert: lowering, z_above=0.1313m'

Feedback:
    message: 'Expert: lowering, z_above=0.1265m'

Feedback:
    message: 'Expert: lowering, z_above=0.1204m'

Feedback:
    message: 'Expert: lowering, z_above=0.1161m'

Feedback:
    message: 'Expert: lowering, z_above=0.1124m'

Feedback:
    message: 'Expert: descending into port'

Feedback:
    message: 'Expert: inserting, z_remaining=0.1087m'

Feedback:
    message: 'Expert: inserting, z_remaining=0.1067m'

Feedback:
    message: 'Expert: inserting, z_remaining=0.1050m'

Feedback:
    message: 'Expert: inserting, z_remaining=0.1036m'

Feedback:
    message: 'Expert: inserting, z_remaining=0.1022m'

Feedback:
    message: 'Expert: inserting, z_remaining=0.1008m'

Feedback:
    message: 'Expert: inserting, z_remaining=0.0993m'

Feedback:
    message: 'Expert: inserting, z_remaining=0.0977m'

Feedback:
    message: 'Expert: inserting, z_remaining=0.0961m'

Feedback:
    message: 'Expert: inserting, z_remaining=0.0946m'

Feedback:
    message: 'Expert: inserting, z_remaining=0.0930m'

Feedback:
    message: 'Expert: inserting, z_remaining=0.0913m'

Feedback:
    message: 'Expert: inserting, z_remaining=0.0897m'

Feedback:
    message: 'Expert: inserting, z_remaining=0.0885m'

Feedback:
    message: 'Expert: inserting, z_remaining=0.0871m'

Feedback:
    message: 'Expert: inserting, z_remaining=0.0859m'

Feedback:
    message: 'Expert: inserting, z_remaining=0.0846m'

Feedback:
    message: 'Expert: inserting, z_remaining=0.0832m'

Feedback:
    message: 'Expert: inserting, z_remaining=0.0817m'

Feedback:
    message: 'Expert: inserting, z_remaining=0.0801m'

Feedback:
    message: 'Expert: inserting, z_remaining=0.0784m'

Feedback:
    message: 'Expert: inserting, z_remaining=0.0765m'

Feedback:
    message: 'Expert: inserting, z_remaining=0.0747m'

Feedback:
    message: 'Expert: inserting, z_remaining=0.0728m'

Feedback:
    message: 'Expert: inserting, z_remaining=0.0710m'

Feedback:
    message: 'Expert: inserting, z_remaining=0.0692m'

Feedback:
    message: 'Expert: inserting, z_remaining=0.0676m'

Feedback:
    message: 'Expert: inserting, z_remaining=0.0656m'

Feedback:
    message: 'Expert: inserting, z_remaining=0.0639m'

Feedback:
    message: 'Expert: inserting, z_remaining=0.0622m'

Feedback:
    message: 'Expert: inserting, z_remaining=0.0605m'

Feedback:
    message: 'Expert: inserting, z_remaining=0.0589m'

Feedback:
    message: 'Expert: inserting, z_remaining=0.0574m'

Feedback:
    message: 'Expert: inserting, z_remaining=0.0560m'

Feedback:
    message: 'Expert: inserting, z_remaining=0.0545m'

Feedback:
    message: 'Expert: inserting, z_remaining=0.0527m'

Feedback:
    message: 'Expert: inserting, z_remaining=0.0514m'

Feedback:
    message: 'Expert: inserting, z_remaining=0.0504m'

Feedback:
    message: 'Expert: inserting, z_remaining=0.0493m'

Feedback:
    message: 'Expert: inserting, z_remaining=0.0481m'

Feedback:
    message: 'Expert: inserting, z_remaining=0.0468m'

Feedback:
    message: 'Expert: inserting, z_remaining=0.0457m'

Feedback:
    message: 'Expert: inserting, z_remaining=0.0458m'

Feedback:
    message: 'Expert: inserting, z_remaining=0.0458m'

Feedback:
    message: 'Expert: inserting, z_remaining=0.0458m'

Feedback:
    message: 'Expert: inserting, z_remaining=0.0458m'

Feedback:
    message: 'Expert: inserting, z_remaining=0.0458m'

Feedback:
    message: 'Expert: inserting, z_remaining=0.0458m'

Feedback:
    message: 'Expert: inserting, z_remaining=0.0458m'

Feedback:
    message: 'Expert: inserting, z_remaining=0.0458m'

Feedback:
    message: 'Expert: inserting, z_remaining=0.0458m'

Feedback:
    message: 'Expert: inserting, z_remaining=0.0458m'

Feedback:
    message: 'Expert: inserting, z_remaining=0.0458m'

Feedback:
    message: 'Expert: inserting, z_remaining=0.0458m'

Feedback:
    message: 'Expert: inserting, z_remaining=0.0450m'

Feedback:
    message: 'Expert: inserting, z_remaining=0.0424m'

Feedback:
    message: 'Expert: inserting, z_remaining=0.0390m'

Feedback:
    message: 'Expert: inserting, z_remaining=0.0355m'

Feedback:
    message: 'Expert: inserting, z_remaining=0.0317m'

Feedback:
    message: 'Expert: inserting, z_remaining=0.0281m'

Feedback:
    message: 'Expert: inserting, z_remaining=0.0245m'

Feedback:
    message: 'Expert: inserting, z_remaining=0.0212m'

Feedback:
    message: 'Expert: inserting, z_remaining=0.0179m'

Feedback:
    message: 'Expert: inserting, z_remaining=0.0150m'

Feedback:
    message: 'Expert: inserting, z_remaining=0.0121m'

Feedback:
    message: 'Expert: inserting, z_remaining=0.0095m'

Feedback:
    message: 'Expert: inserting, z_remaining=0.0070m'

Feedback:
    message: 'Expert: inserting, z_remaining=0.0049m'

Feedback:
    message: 'Expert: inserting, z_remaining=0.0030m'

Feedback:
    message: 'Expert: inserting, z_remaining=0.0015m'

Feedback:
    message: 'Expert: inserting, z_remaining=0.0003m'

Feedback:
    message: 'Expert: inserting, z_remaining=-0.0005m'

Feedback:
    message: 'Expert: inserting, z_remaining=-0.0010m'

Feedback:
    message: 'Expert: inserting, z_remaining=-0.0010m'

Feedback:
    message: 'Expert: inserting, z_remaining=-0.0010m'

Feedback:
    message: 'Expert: inserting, z_remaining=-0.0010m'

Feedback:
    message: 'Expert: inserting, z_remaining=-0.0010m'

Feedback:
    message: 'Expert: inserting, z_remaining=-0.0010m'

Feedback:
    message: 'Expert: inserting, z_remaining=-0.0010m'

Feedback:
    message: 'Expert: inserting, z_remaining=-0.0010m'

Result:
    success: true
message: ''

Goal finished with status: SUCCEEDED
