Waiting for an action server to become available...
Sending goal:
     task:
  id: scenario_000
  cable_type: sfp_sc
  cable_name: cable_0
  plug_type: sfp
  plug_name: sfp_tip
  port_type: sfp
  port_name: sfp_port_0
  target_module_name: nic_card_mount_1
  time_limit: 60

Goal accepted with ID: e3b0289863e04fbda5aff459e97294f4

Feedback:
    message: 'Expert: approaching port'

Feedback:
    message: 'Expert: translating, xy_err=0.0652m'

Feedback:
    message: 'Expert: translating, xy_err=0.0660m'

Feedback:
    message: 'Expert: translating, xy_err=0.0634m'

Feedback:
    message: 'Expert: translating, xy_err=0.0593m'

Feedback:
    message: 'Expert: translating, xy_err=0.0548m'

Feedback:
    message: 'Expert: translating, xy_err=0.0502m'

Feedback:
    message: 'Expert: translating, xy_err=0.0465m'

Feedback:
    message: 'Expert: translating, xy_err=0.0433m'

Feedback:
    message: 'Expert: translating, xy_err=0.0406m'

Feedback:
    message: 'Expert: translating, xy_err=0.0380m'

Feedback:
    message: 'Expert: translating, xy_err=0.0355m'

Feedback:
    message: 'Expert: translating, xy_err=0.0333m'

Feedback:
    message: 'Expert: translating, xy_err=0.0312m'

Feedback:
    message: 'Expert: translating, xy_err=0.0293m'

Feedback:
    message: 'Expert: translating, xy_err=0.0273m'

Feedback:
    message: 'Expert: translating, xy_err=0.0251m'

Feedback:
    message: 'Expert: translating, xy_err=0.0231m'

Feedback:
    message: 'Expert: translating, xy_err=0.0211m'

Feedback:
    message: 'Expert: translating, xy_err=0.0193m'

Feedback:
    message: 'Expert: translating, xy_err=0.0176m'

Feedback:
    message: 'Expert: translating, xy_err=0.0161m'

Feedback:
    message: 'Expert: translating, xy_err=0.0150m'

Feedback:
    message: 'Expert: translating, xy_err=0.0139m'

Feedback:
    message: 'Expert: translating, xy_err=0.0128m'

Feedback:
    message: 'Expert: translating, xy_err=0.0118m'

Feedback:
    message: 'Expert: translating, xy_err=0.0110m'

Feedback:
    message: 'Expert: translating, xy_err=0.0099m'

Feedback:
    message: 'Expert: translating, xy_err=0.0090m'

Feedback:
    message: 'Expert: translating, xy_err=0.0082m'

Feedback:
    message: 'Expert: translating, xy_err=0.0074m'

Feedback:
    message: 'Expert: translating, xy_err=0.0067m'

Feedback:
    message: 'Expert: translating, xy_err=0.0061m'

Feedback:
    message: 'Expert: translating, xy_err=0.0056m'

Feedback:
    message: 'Expert: translating, xy_err=0.0051m'

Feedback:
    message: 'Expert: translating, xy_err=0.0047m'

Feedback:
    message: 'Expert: translating, xy_err=0.0043m'

Feedback:
    message: 'Expert: translating, xy_err=0.0039m'

Feedback:
    message: 'Expert: translating, xy_err=0.0035m'

Feedback:
    message: 'Expert: translating, xy_err=0.0032m'

Feedback:
    message: 'Expert: lowering, z_above=0.1558m'

Feedback:
    message: 'Expert: lowering, z_above=0.1542m'

Feedback:
    message: 'Expert: lowering, z_above=0.1502m'

Feedback:
    message: 'Expert: lowering, z_above=0.1449m'

Feedback:
    message: 'Expert: lowering, z_above=0.1392m'

Feedback:
    message: 'Expert: lowering, z_above=0.1335m'

Feedback:
    message: 'Expert: lowering, z_above=0.1279m'

Feedback:
    message: 'Expert: lowering, z_above=0.1224m'

Feedback:
    message: 'Expert: lowering, z_above=0.1174m'

Feedback:
    message: 'Expert: lowering, z_above=0.1136m'

Feedback:
    message: 'Expert: lowering, z_above=0.1105m'

Feedback:
    message: 'Expert: descending into port'

Feedback:
    message: 'Expert: inserting, z_remaining=0.1078m'

Feedback:
    message: 'Expert: inserting, z_remaining=0.1058m'

Feedback:
    message: 'Expert: inserting, z_remaining=0.1042m'

Feedback:
    message: 'Expert: inserting, z_remaining=0.1024m'

Feedback:
    message: 'Expert: inserting, z_remaining=0.1006m'

Feedback:
    message: 'Expert: inserting, z_remaining=0.0987m'

Feedback:
    message: 'Expert: inserting, z_remaining=0.0967m'

Feedback:
    message: 'Expert: inserting, z_remaining=0.0946m'

Feedback:
    message: 'Expert: inserting, z_remaining=0.0927m'

Feedback:
    message: 'Expert: inserting, z_remaining=0.0908m'

Feedback:
    message: 'Expert: inserting, z_remaining=0.0888m'

Feedback:
    message: 'Expert: inserting, z_remaining=0.0867m'

Feedback:
    message: 'Expert: inserting, z_remaining=0.0846m'

Feedback:
    message: 'Expert: inserting, z_remaining=0.0825m'

Feedback:
    message: 'Expert: inserting, z_remaining=0.0806m'

Feedback:
    message: 'Expert: inserting, z_remaining=0.0788m'

Feedback:
    message: 'Expert: inserting, z_remaining=0.0768m'

Feedback:
    message: 'Expert: inserting, z_remaining=0.0748m'

Feedback:
    message: 'Expert: inserting, z_remaining=0.0728m'

Feedback:
    message: 'Expert: inserting, z_remaining=0.0706m'

Feedback:
    message: 'Expert: inserting, z_remaining=0.0686m'

Feedback:
    message: 'Expert: inserting, z_remaining=0.0666m'

Feedback:
    message: 'Expert: inserting, z_remaining=0.0647m'

Feedback:
    message: 'Expert: inserting, z_remaining=0.0629m'

Feedback:
    message: 'Expert: inserting, z_remaining=0.0610m'

Feedback:
    message: 'Expert: inserting, z_remaining=0.0591m'

Feedback:
    message: 'Expert: inserting, z_remaining=0.0572m'

Feedback:
    message: 'Expert: inserting, z_remaining=0.0552m'

Feedback:
    message: 'Expert: inserting, z_remaining=0.0534m'

Feedback:
    message: 'Expert: inserting, z_remaining=0.0514m'

Feedback:
    message: 'Expert: inserting, z_remaining=0.0495m'

Feedback:
    message: 'Expert: inserting, z_remaining=0.0476m'

Feedback:
    message: 'Expert: inserting, z_remaining=0.0459m'

Feedback:
    message: 'Expert: inserting, z_remaining=0.0457m'

Feedback:
    message: 'Expert: inserting, z_remaining=0.0457m'

Feedback:
    message: 'Expert: inserting, z_remaining=0.0457m'

Feedback:
    message: 'Expert: inserting, z_remaining=0.0457m'

Feedback:
    message: 'Expert: inserting, z_remaining=0.0457m'

Feedback:
    message: 'Expert: inserting, z_remaining=0.0457m'

Feedback:
    message: 'Expert: inserting, z_remaining=0.0457m'

Feedback:
    message: 'Expert: inserting, z_remaining=0.0457m'

Feedback:
    message: 'Expert: inserting, z_remaining=0.0457m'

Feedback:
    message: 'Expert: inserting, z_remaining=0.0457m'

Feedback:
    message: 'Expert: inserting, z_remaining=0.0457m'

Feedback:
    message: 'Expert: inserting, z_remaining=0.0457m'

Feedback:
    message: 'Expert: inserting, z_remaining=0.0457m'

Feedback:
    message: 'Expert: inserting, z_remaining=0.0457m'

Feedback:
    message: 'Expert: inserting, z_remaining=0.0457m'

Feedback:
    message: 'Expert: inserting, z_remaining=0.0457m'

Feedback:
    message: 'Expert: inserting, z_remaining=0.0457m'

Feedback:
    message: 'Expert: inserting, z_remaining=0.0457m'

Feedback:
    message: 'Expert: inserting, z_remaining=0.0457m'

Feedback:
    message: 'Expert: inserting, z_remaining=0.0457m'

Feedback:
    message: 'Expert: inserting, z_remaining=0.0457m'

Feedback:
    message: 'Expert: inserting, z_remaining=0.0457m'

Feedback:
    message: 'Expert: inserting, z_remaining=0.0457m'

Feedback:
    message: 'Expert: inserting, z_remaining=0.0457m'

Feedback:
    message: 'Expert: inserting, z_remaining=0.0457m'

Feedback:
    message: 'Expert: inserting, z_remaining=0.0457m'

Feedback:
    message: 'Expert: inserting, z_remaining=0.0457m'

Feedback:
    message: 'Expert: inserting, z_remaining=0.0457m'

Feedback:
    message: 'Expert: inserting, z_remaining=0.0457m'

Feedback:
    message: 'Expert: inserting, z_remaining=0.0457m'

Feedback:
    message: 'Expert: inserting, z_remaining=0.0457m'

Feedback:
    message: 'Expert: inserting, z_remaining=0.0457m'

Feedback:
    message: 'Expert: inserting, z_remaining=0.0457m'

Feedback:
    message: 'Expert: inserting, z_remaining=0.0457m'

Feedback:
    message: 'Expert: inserting, z_remaining=0.0457m'

Feedback:
    message: 'Expert: inserting, z_remaining=0.0457m'

Feedback:
    message: 'Expert: inserting, z_remaining=0.0457m'

Feedback:
    message: 'Expert: inserting, z_remaining=0.0457m'

Feedback:
    message: 'Expert: inserting, z_remaining=0.0457m'

Feedback:
    message: 'Expert: inserting, z_remaining=0.0457m'

Feedback:
    message: 'Expert: inserting, z_remaining=0.0457m'

Feedback:
    message: 'Expert: inserting, z_remaining=0.0457m'

Feedback:
    message: 'Expert: inserting, z_remaining=0.0457m'

Feedback:
    message: 'Expert: inserting, z_remaining=0.0457m'

Feedback:
    message: 'Expert: inserting, z_remaining=0.0457m'

Feedback:
    message: 'Expert: inserting, z_remaining=0.0457m'

Feedback:
    message: 'Expert: inserting, z_remaining=0.0457m'

Result:
    success: true
message: ''

Goal finished with status: SUCCEEDED
