Waiting for an action server to become available...
Sending goal:
     task:
  id: scenario_005
  cable_type: sfp_sc
  cable_name: cable_0
  plug_type: sc
  plug_name: sc_tip
  port_type: sc
  port_name: sc_port_base
  target_module_name: sc_port_0
  time_limit: 60

Goal accepted with ID: 41c249eb7a29497d8533594def6ce5a8

Feedback:
    message: 'Expert: approaching port'

Feedback:
    message: 'Expert: translating, xy_err=0.2406m'

Feedback:
    message: 'Expert: translating, xy_err=0.2403m'

Feedback:
    message: 'Expert: translating, xy_err=0.2386m'

Feedback:
    message: 'Expert: translating, xy_err=0.2362m'

Feedback:
    message: 'Expert: translating, xy_err=0.2329m'

Feedback:
    message: 'Expert: translating, xy_err=0.2290m'

Feedback:
    message: 'Expert: translating, xy_err=0.2250m'

Feedback:
    message: 'Expert: translating, xy_err=0.2208m'

Feedback:
    message: 'Expert: translating, xy_err=0.2170m'

Feedback:
    message: 'Expert: translating, xy_err=0.2127m'

Feedback:
    message: 'Expert: translating, xy_err=0.2084m'

Feedback:
    message: 'Expert: translating, xy_err=0.2044m'

Feedback:
    message: 'Expert: translating, xy_err=0.2010m'

Feedback:
    message: 'Expert: translating, xy_err=0.1975m'

Feedback:
    message: 'Expert: translating, xy_err=0.1943m'

Feedback:
    message: 'Expert: translating, xy_err=0.1912m'

Feedback:
    message: 'Expert: translating, xy_err=0.1883m'

Feedback:
    message: 'Expert: translating, xy_err=0.1855m'

Feedback:
    message: 'Expert: translating, xy_err=0.1829m'

Feedback:
    message: 'Expert: translating, xy_err=0.1805m'

Feedback:
    message: 'Expert: translating, xy_err=0.1781m'

Feedback:
    message: 'Expert: translating, xy_err=0.1752m'

Feedback:
    message: 'Expert: translating, xy_err=0.1724m'

Feedback:
    message: 'Expert: translating, xy_err=0.1696m'

Feedback:
    message: 'Expert: translating, xy_err=0.1667m'

Feedback:
    message: 'Expert: translating, xy_err=0.1636m'

Feedback:
    message: 'Expert: translating, xy_err=0.1604m'

Feedback:
    message: 'Expert: translating, xy_err=0.1574m'

Feedback:
    message: 'Expert: translating, xy_err=0.1543m'

Feedback:
    message: 'Expert: translating, xy_err=0.1514m'

Feedback:
    message: 'Expert: translating, xy_err=0.1486m'

Feedback:
    message: 'Expert: translating, xy_err=0.1458m'

Feedback:
    message: 'Expert: translating, xy_err=0.1431m'

Feedback:
    message: 'Expert: translating, xy_err=0.1405m'

Feedback:
    message: 'Expert: translating, xy_err=0.1379m'

Feedback:
    message: 'Expert: translating, xy_err=0.1353m'

Feedback:
    message: 'Expert: translating, xy_err=0.1329m'

Feedback:
    message: 'Expert: translating, xy_err=0.1305m'

Feedback:
    message: 'Expert: translating, xy_err=0.1282m'

Feedback:
    message: 'Expert: translating, xy_err=0.1259m'

Feedback:
    message: 'Expert: translating, xy_err=0.1237m'

Feedback:
    message: 'Expert: translating, xy_err=0.1214m'

Feedback:
    message: 'Expert: translating, xy_err=0.1191m'

Feedback:
    message: 'Expert: translating, xy_err=0.1169m'

Feedback:
    message: 'Expert: translating, xy_err=0.1148m'

Feedback:
    message: 'Expert: translating, xy_err=0.1127m'

Feedback:
    message: 'Expert: translating, xy_err=0.1105m'

Feedback:
    message: 'Expert: translating, xy_err=0.1083m'

Feedback:
    message: 'Expert: translating, xy_err=0.1063m'

Feedback:
    message: 'Expert: translating, xy_err=0.1043m'

Feedback:
    message: 'Expert: translating, xy_err=0.1024m'

Feedback:
    message: 'Expert: translating, xy_err=0.1005m'

Feedback:
    message: 'Expert: translating, xy_err=0.0987m'

Feedback:
    message: 'Expert: translating, xy_err=0.0970m'

Feedback:
    message: 'Expert: translating, xy_err=0.0953m'

Feedback:
    message: 'Expert: translating, xy_err=0.0936m'

Feedback:
    message: 'Expert: translating, xy_err=0.0920m'

Feedback:
    message: 'Expert: translating, xy_err=0.0903m'

Feedback:
    message: 'Expert: translating, xy_err=0.0888m'

Feedback:
    message: 'Expert: translating, xy_err=0.0873m'

Feedback:
    message: 'Expert: translating, xy_err=0.0857m'

Feedback:
    message: 'Expert: translating, xy_err=0.0842m'

Feedback:
    message: 'Expert: translating, xy_err=0.0827m'

Feedback:
    message: 'Expert: translating, xy_err=0.0812m'

Feedback:
    message: 'Expert: translating, xy_err=0.0798m'

Feedback:
    message: 'Expert: translating, xy_err=0.0783m'

Feedback:
    message: 'Expert: translating, xy_err=0.0769m'

Feedback:
    message: 'Expert: translating, xy_err=0.0755m'

Feedback:
    message: 'Expert: translating, xy_err=0.0742m'

Feedback:
    message: 'Expert: translating, xy_err=0.0730m'

Feedback:
    message: 'Expert: translating, xy_err=0.0718m'

Feedback:
    message: 'Expert: translating, xy_err=0.0706m'

Feedback:
    message: 'Expert: translating, xy_err=0.0694m'

Feedback:
    message: 'Expert: translating, xy_err=0.0682m'

Feedback:
    message: 'Expert: translating, xy_err=0.0670m'

Feedback:
    message: 'Expert: translating, xy_err=0.0659m'

Feedback:
    message: 'Expert: translating, xy_err=0.0648m'

Feedback:
    message: 'Expert: translating, xy_err=0.0636m'

Feedback:
    message: 'Expert: translating, xy_err=0.0625m'

Feedback:
    message: 'Expert: translating, xy_err=0.0614m'

Feedback:
    message: 'Expert: translating, xy_err=0.0604m'

Feedback:
    message: 'Expert: translating, xy_err=0.0593m'

Feedback:
    message: 'Expert: translating, xy_err=0.0582m'

Feedback:
    message: 'Expert: translating, xy_err=0.0571m'

Feedback:
    message: 'Expert: translating, xy_err=0.0560m'

Feedback:
    message: 'Expert: translating, xy_err=0.0550m'

Feedback:
    message: 'Expert: translating, xy_err=0.0539m'

Feedback:
    message: 'Expert: translating, xy_err=0.0530m'

Feedback:
    message: 'Expert: translating, xy_err=0.0521m'

Feedback:
    message: 'Expert: translating, xy_err=0.0513m'

Feedback:
    message: 'Expert: translating, xy_err=0.0504m'

Feedback:
    message: 'Expert: translating, xy_err=0.0496m'

Feedback:
    message: 'Expert: translating, xy_err=0.0488m'

Feedback:
    message: 'Expert: translating, xy_err=0.0481m'

Feedback:
    message: 'Expert: translating, xy_err=0.0474m'

Feedback:
    message: 'Expert: translating, xy_err=0.0467m'

Feedback:
    message: 'Expert: translating, xy_err=0.0461m'

Feedback:
    message: 'Expert: translating, xy_err=0.0455m'

Feedback:
    message: 'Expert: translating, xy_err=0.0448m'

Feedback:
    message: 'Expert: translating, xy_err=0.0442m'

Feedback:
    message: 'Expert: descending into port'

Feedback:
    message: 'Expert: inserting, z_remaining=0.2649m'

Feedback:
    message: 'Expert: inserting, z_remaining=0.2644m'

Feedback:
    message: 'Expert: inserting, z_remaining=0.2638m'

Feedback:
    message: 'Expert: inserting, z_remaining=0.2632m'

Feedback:
    message: 'Expert: inserting, z_remaining=0.2625m'

Feedback:
    message: 'Expert: inserting, z_remaining=0.2617m'

Feedback:
    message: 'Expert: inserting, z_remaining=0.2611m'

Feedback:
    message: 'Expert: inserting, z_remaining=0.2604m'

Feedback:
    message: 'Expert: inserting, z_remaining=0.2597m'

Feedback:
    message: 'Expert: inserting, z_remaining=0.2589m'

Feedback:
    message: 'Expert: inserting, z_remaining=0.2581m'

Feedback:
    message: 'Expert: inserting, z_remaining=0.2573m'

Feedback:
    message: 'Expert: inserting, z_remaining=0.2566m'

Feedback:
    message: 'Expert: inserting, z_remaining=0.2558m'

Feedback:
    message: 'Expert: inserting, z_remaining=0.2551m'

Feedback:
    message: 'Expert: inserting, z_remaining=0.2544m'

Feedback:
    message: 'Expert: inserting, z_remaining=0.2537m'

Feedback:
    message: 'Expert: inserting, z_remaining=0.2529m'

Feedback:
    message: 'Expert: inserting, z_remaining=0.2521m'

Feedback:
    message: 'Expert: inserting, z_remaining=0.2512m'

Feedback:
    message: 'Expert: inserting, z_remaining=0.2504m'

Feedback:
    message: 'Expert: inserting, z_remaining=0.2496m'

Feedback:
    message: 'Expert: inserting, z_remaining=0.2487m'

Feedback:
    message: 'Expert: inserting, z_remaining=0.2479m'

Feedback:
    message: 'Expert: inserting, z_remaining=0.2470m'

Feedback:
    message: 'Expert: inserting, z_remaining=0.2461m'

Feedback:
    message: 'Expert: inserting, z_remaining=0.2451m'

Feedback:
    message: 'Expert: inserting, z_remaining=0.2440m'

Feedback:
    message: 'Expert: inserting, z_remaining=0.2431m'

Feedback:
    message: 'Expert: inserting, z_remaining=0.2422m'

Feedback:
    message: 'Expert: inserting, z_remaining=0.2413m'

Feedback:
    message: 'Expert: inserting, z_remaining=0.2403m'

Feedback:
    message: 'Expert: inserting, z_remaining=0.2391m'

Feedback:
    message: 'Expert: inserting, z_remaining=0.2377m'

Feedback:
    message: 'Expert: inserting, z_remaining=0.2364m'

Feedback:
    message: 'Expert: inserting, z_remaining=0.2349m'

Feedback:
    message: 'Expert: inserting, z_remaining=0.2335m'

Feedback:
    message: 'Expert: inserting, z_remaining=0.2320m'

Feedback:
    message: 'Expert: inserting, z_remaining=0.2307m'

Feedback:
    message: 'Expert: inserting, z_remaining=0.2293m'

Feedback:
    message: 'Expert: inserting, z_remaining=0.2280m'

Feedback:
    message: 'Expert: inserting, z_remaining=0.2266m'

Feedback:
    message: 'Expert: inserting, z_remaining=0.2251m'

Feedback:
    message: 'Expert: inserting, z_remaining=0.2233m'

Feedback:
    message: 'Expert: inserting, z_remaining=0.2217m'

Feedback:
    message: 'Expert: inserting, z_remaining=0.2206m'

Feedback:
    message: 'Expert: inserting, z_remaining=0.2196m'

Feedback:
    message: 'Expert: inserting, z_remaining=0.2182m'

Feedback:
    message: 'Expert: inserting, z_remaining=0.2167m'

Feedback:
    message: 'Expert: inserting, z_remaining=0.2153m'

Feedback:
    message: 'Expert: inserting, z_remaining=0.2138m'

Feedback:
    message: 'Expert: inserting, z_remaining=0.2121m'

Feedback:
    message: 'Expert: inserting, z_remaining=0.2103m'

Feedback:
    message: 'Expert: inserting, z_remaining=0.2089m'

Feedback:
    message: 'Expert: inserting, z_remaining=0.2074m'

Feedback:
    message: 'Expert: inserting, z_remaining=0.2059m'

Feedback:
    message: 'Expert: inserting, z_remaining=0.2045m'

Feedback:
    message: 'Expert: inserting, z_remaining=0.2030m'

Feedback:
    message: 'Expert: inserting, z_remaining=0.2014m'

Feedback:
    message: 'Expert: inserting, z_remaining=0.1999m'

Feedback:
    message: 'Expert: inserting, z_remaining=0.1983m'

Feedback:
    message: 'Expert: inserting, z_remaining=0.1968m'

Feedback:
    message: 'Expert: inserting, z_remaining=0.1952m'

Feedback:
    message: 'Expert: inserting, z_remaining=0.1935m'

Feedback:
    message: 'Expert: inserting, z_remaining=0.1919m'

Feedback:
    message: 'Expert: inserting, z_remaining=0.1904m'

Feedback:
    message: 'Expert: inserting, z_remaining=0.1889m'

Feedback:
    message: 'Expert: inserting, z_remaining=0.1873m'

Feedback:
    message: 'Expert: inserting, z_remaining=0.1859m'

Feedback:
    message: 'Expert: inserting, z_remaining=0.1844m'

Feedback:
    message: 'Expert: inserting, z_remaining=0.1830m'

Feedback:
    message: 'Expert: inserting, z_remaining=0.1812m'

Feedback:
    message: 'Expert: inserting, z_remaining=0.1798m'

Feedback:
    message: 'Expert: inserting, z_remaining=0.1781m'

Feedback:
    message: 'Expert: inserting, z_remaining=0.1765m'

Feedback:
    message: 'Expert: inserting, z_remaining=0.1746m'

Feedback:
    message: 'Expert: inserting, z_remaining=0.1727m'

Feedback:
    message: 'Expert: inserting, z_remaining=0.1706m'

Feedback:
    message: 'Expert: inserting, z_remaining=0.1690m'

Feedback:
    message: 'Expert: inserting, z_remaining=0.1674m'

Result:
    success: true
message: ''

Goal finished with status: SUCCEEDED
