Waiting for an action server to become available...
Sending goal:
     task:
  id: scenario_010
  cable_type: sfp_sc
  cable_name: cable_0
  plug_type: sfp
  plug_name: sfp_tip
  port_type: sfp
  port_name: sfp_port_0
  target_module_name: nic_card_mount_0
  time_limit: 60

Goal accepted with ID: 3181bfd4a864476f8977093e4fc19452

Feedback:
    message: 'Expert: approaching port'

Feedback:
    message: 'Expert: aligning, xy_err=0.1140m'

Feedback:
    message: 'Expert: aligning, xy_err=0.1107m'

Feedback:
    message: 'Expert: aligning, xy_err=0.1075m'

Feedback:
    message: 'Expert: aligning, xy_err=0.1043m'

Feedback:
    message: 'Expert: aligning, xy_err=0.1015m'

Feedback:
    message: 'Expert: aligning, xy_err=0.0998m'

Feedback:
    message: 'Expert: aligning, xy_err=0.0982m'

Feedback:
    message: 'Expert: aligning, xy_err=0.0962m'

Feedback:
    message: 'Expert: aligning, xy_err=0.0938m'

Feedback:
    message: 'Expert: aligning, xy_err=0.0913m'

Feedback:
    message: 'Expert: aligning, xy_err=0.0881m'

Feedback:
    message: 'Expert: aligning, xy_err=0.0850m'

Feedback:
    message: 'Expert: aligning, xy_err=0.0818m'

Feedback:
    message: 'Expert: aligning, xy_err=0.0781m'

Feedback:
    message: 'Expert: aligning, xy_err=0.0744m'

Feedback:
    message: 'Expert: aligning, xy_err=0.0702m'

Feedback:
    message: 'Expert: aligning, xy_err=0.0681m'

Feedback:
    message: 'Expert: aligning, xy_err=0.0683m'

Feedback:
    message: 'Expert: aligning, xy_err=0.0721m'

Feedback:
    message: 'Expert: aligning, xy_err=0.0820m'

Feedback:
    message: 'Expert: aligning, xy_err=0.0952m'

Feedback:
    message: 'Expert: aligning, xy_err=0.1077m'

Feedback:
    message: 'Expert: aligning, xy_err=0.1154m'

Feedback:
    message: 'Expert: aligning, xy_err=0.1205m'

Feedback:
    message: 'Expert: aligning, xy_err=0.1229m'

Feedback:
    message: 'Expert: aligning, xy_err=0.1249m'

Feedback:
    message: 'Expert: aligning, xy_err=0.1261m'

Feedback:
    message: 'Expert: aligning, xy_err=0.1267m'

Feedback:
    message: 'Expert: aligning, xy_err=0.1270m'

Feedback:
    message: 'Expert: aligning, xy_err=0.1270m'

Feedback:
    message: 'Expert: aligning, xy_err=0.1267m'

Feedback:
    message: 'Expert: aligning, xy_err=0.1261m'

Feedback:
    message: 'Expert: aligning, xy_err=0.1253m'

Feedback:
    message: 'Expert: aligning, xy_err=0.1244m'

Feedback:
    message: 'Expert: aligning, xy_err=0.1231m'

Feedback:
    message: 'Expert: aligning, xy_err=0.1215m'

Feedback:
    message: 'Expert: aligning, xy_err=0.1201m'

Feedback:
    message: 'Expert: aligning, xy_err=0.1188m'

Feedback:
    message: 'Expert: aligning, xy_err=0.1177m'

Feedback:
    message: 'Expert: aligning, xy_err=0.1171m'

Feedback:
    message: 'Expert: aligning, xy_err=0.1159m'

Feedback:
    message: 'Expert: aligning, xy_err=0.1144m'

Feedback:
    message: 'Expert: aligning, xy_err=0.1128m'

Feedback:
    message: 'Expert: aligning, xy_err=0.1111m'

Feedback:
    message: 'Expert: aligning, xy_err=0.1093m'

Feedback:
    message: 'Expert: aligning, xy_err=0.1073m'

Feedback:
    message: 'Expert: aligning, xy_err=0.1045m'

Feedback:
    message: 'Expert: aligning, xy_err=0.1013m'

Feedback:
    message: 'Expert: aligning, xy_err=0.0977m'

Feedback:
    message: 'Expert: aligning, xy_err=0.0938m'

Feedback:
    message: 'Expert: aligning, xy_err=0.0896m'

Feedback:
    message: 'Expert: aligning, xy_err=0.0849m'

Feedback:
    message: 'Expert: aligning, xy_err=0.0796m'

Feedback:
    message: 'Expert: aligning, xy_err=0.0745m'

Feedback:
    message: 'Expert: aligning, xy_err=0.0695m'

Feedback:
    message: 'Expert: aligning, xy_err=0.0645m'

Feedback:
    message: 'Expert: aligning, xy_err=0.0597m'

Feedback:
    message: 'Expert: aligning, xy_err=0.0550m'

Feedback:
    message: 'Expert: aligning, xy_err=0.0505m'

Feedback:
    message: 'Expert: aligning, xy_err=0.0459m'

Feedback:
    message: 'Expert: aligning, xy_err=0.0414m'

Feedback:
    message: 'Expert: aligning, xy_err=0.0372m'

Feedback:
    message: 'Expert: aligning, xy_err=0.0331m'

Feedback:
    message: 'Expert: aligning, xy_err=0.0292m'

Feedback:
    message: 'Expert: aligning, xy_err=0.0251m'

Feedback:
    message: 'Expert: aligning, xy_err=0.0213m'

Feedback:
    message: 'Expert: aligning, xy_err=0.0177m'

Feedback:
    message: 'Expert: aligning, xy_err=0.0142m'

Feedback:
    message: 'Expert: aligning, xy_err=0.0113m'

Feedback:
    message: 'Expert: aligning, xy_err=0.0089m'

Feedback:
    message: 'Expert: aligning, xy_err=0.0070m'

Feedback:
    message: 'Expert: aligning, xy_err=0.0055m'

Feedback:
    message: 'Expert: aligning, xy_err=0.0045m'

Feedback:
    message: 'Expert: aligning, xy_err=0.0037m'

Feedback:
    message: 'Expert: aligning, xy_err=0.0031m'

Feedback:
    message: 'Expert: aligning, xy_err=0.0028m'

Feedback:
    message: 'Expert: descending into port'

Feedback:
    message: 'Expert: inserting, z_remaining=0.0964m'

Feedback:
    message: 'Expert: inserting, z_remaining=0.0959m'

Feedback:
    message: 'Expert: inserting, z_remaining=0.0945m'

Feedback:
    message: 'Expert: inserting, z_remaining=0.0928m'

Feedback:
    message: 'Expert: inserting, z_remaining=0.0911m'

Feedback:
    message: 'Expert: inserting, z_remaining=0.0892m'

Feedback:
    message: 'Expert: inserting, z_remaining=0.0875m'

Feedback:
    message: 'Expert: inserting, z_remaining=0.0854m'

Feedback:
    message: 'Expert: inserting, z_remaining=0.0839m'

Feedback:
    message: 'Expert: inserting, z_remaining=0.0826m'

Feedback:
    message: 'Expert: inserting, z_remaining=0.0813m'

Feedback:
    message: 'Expert: inserting, z_remaining=0.0801m'

Feedback:
    message: 'Expert: inserting, z_remaining=0.0786m'

Feedback:
    message: 'Expert: inserting, z_remaining=0.0770m'

Feedback:
    message: 'Expert: inserting, z_remaining=0.0751m'

Feedback:
    message: 'Expert: inserting, z_remaining=0.0733m'

Feedback:
    message: 'Expert: inserting, z_remaining=0.0715m'

Feedback:
    message: 'Expert: inserting, z_remaining=0.0699m'

Feedback:
    message: 'Expert: inserting, z_remaining=0.0699m'

Feedback:
    message: 'Expert: inserting, z_remaining=0.0699m'

Feedback:
    message: 'Expert: inserting, z_remaining=0.0699m'

Feedback:
    message: 'Expert: inserting, z_remaining=0.0699m'

Feedback:
    message: 'Expert: inserting, z_remaining=0.0699m'

Feedback:
    message: 'Expert: inserting, z_remaining=0.0699m'

Feedback:
    message: 'Expert: inserting, z_remaining=0.0699m'

Feedback:
    message: 'Expert: inserting, z_remaining=0.0699m'

Feedback:
    message: 'Expert: inserting, z_remaining=0.0699m'

Feedback:
    message: 'Expert: inserting, z_remaining=0.0699m'

Feedback:
    message: 'Expert: inserting, z_remaining=0.0699m'

Feedback:
    message: 'Expert: inserting, z_remaining=0.0699m'

Feedback:
    message: 'Expert: inserting, z_remaining=0.0699m'

Feedback:
    message: 'Expert: inserting, z_remaining=0.0699m'

Feedback:
    message: 'Expert: inserting, z_remaining=0.0699m'

Feedback:
    message: 'Expert: inserting, z_remaining=0.0699m'

Feedback:
    message: 'Expert: inserting, z_remaining=0.0699m'

Feedback:
    message: 'Expert: inserting, z_remaining=0.0699m'

Feedback:
    message: 'Expert: inserting, z_remaining=0.0699m'

Feedback:
    message: 'Expert: inserting, z_remaining=0.0699m'

Feedback:
    message: 'Expert: inserting, z_remaining=0.0699m'

Feedback:
    message: 'Expert: inserting, z_remaining=0.0699m'

Feedback:
    message: 'Expert: inserting, z_remaining=0.0699m'

Feedback:
    message: 'Expert: inserting, z_remaining=0.0699m'

Feedback:
    message: 'Expert: inserting, z_remaining=0.0699m'

Feedback:
    message: 'Expert: inserting, z_remaining=0.0699m'

Feedback:
    message: 'Expert: inserting, z_remaining=0.0699m'

Feedback:
    message: 'Expert: inserting, z_remaining=0.0699m'

Feedback:
    message: 'Expert: inserting, z_remaining=0.0699m'

Feedback:
    message: 'Expert: inserting, z_remaining=0.0699m'

Feedback:
    message: 'Expert: inserting, z_remaining=0.0699m'

Feedback:
    message: 'Expert: inserting, z_remaining=0.0699m'

Feedback:
    message: 'Expert: inserting, z_remaining=0.0699m'

Feedback:
    message: 'Expert: inserting, z_remaining=0.0699m'

Feedback:
    message: 'Expert: inserting, z_remaining=0.0699m'

Feedback:
    message: 'Expert: inserting, z_remaining=0.0699m'

Feedback:
    message: 'Expert: inserting, z_remaining=0.0699m'

Feedback:
    message: 'Expert: inserting, z_remaining=0.0699m'

Feedback:
    message: 'Expert: inserting, z_remaining=0.0699m'

Feedback:
    message: 'Expert: inserting, z_remaining=0.0699m'

Feedback:
    message: 'Expert: inserting, z_remaining=0.0699m'

Feedback:
    message: 'Expert: inserting, z_remaining=0.0699m'

Feedback:
    message: 'Expert: inserting, z_remaining=0.0699m'

Feedback:
    message: 'Expert: inserting, z_remaining=0.0699m'

Feedback:
    message: 'Expert: inserting, z_remaining=0.0699m'

Feedback:
    message: 'Expert: inserting, z_remaining=0.0699m'

Feedback:
    message: 'Expert: inserting, z_remaining=0.0699m'

Feedback:
    message: 'Expert: inserting, z_remaining=0.0699m'

Feedback:
    message: 'Expert: inserting, z_remaining=0.0698m'

Feedback:
    message: 'Expert: inserting, z_remaining=0.0698m'

Feedback:
    message: 'Expert: inserting, z_remaining=0.0698m'

Feedback:
    message: 'Expert: inserting, z_remaining=0.0698m'

Feedback:
    message: 'Expert: inserting, z_remaining=0.0698m'

Feedback:
    message: 'Expert: inserting, z_remaining=0.0698m'

Feedback:
    message: 'Expert: inserting, z_remaining=0.0698m'

Feedback:
    message: 'Expert: inserting, z_remaining=0.0698m'

Feedback:
    message: 'Expert: inserting, z_remaining=0.0698m'

Feedback:
    message: 'Expert: inserting, z_remaining=0.0698m'

Feedback:
    message: 'Expert: inserting, z_remaining=0.0698m'

Feedback:
    message: 'Expert: inserting, z_remaining=0.0698m'

Feedback:
    message: 'Expert: inserting, z_remaining=0.0698m'

Feedback:
    message: 'Expert: inserting, z_remaining=0.0698m'

Result:
    success: true
message: ''

Goal finished with status: SUCCEEDED
