Waiting for an action server to become available...
Sending goal:
     task:
  id: scenario_007
  cable_type: sfp_sc
  cable_name: cable_0
  plug_type: sfp
  plug_name: sfp_tip
  port_type: sfp
  port_name: sfp_port_0
  target_module_name: nic_card_mount_2
  time_limit: 60

Goal accepted with ID: de0fb2464cf94781b54b2ee64c281d31

Feedback:
    message: 'Expert: approaching port'

Feedback:
    message: 'Expert: translating, xy_err=0.1045m'

Feedback:
    message: 'Expert: translating, xy_err=0.1083m'

Feedback:
    message: 'Expert: translating, xy_err=0.1094m'

Feedback:
    message: 'Expert: translating, xy_err=0.1081m'

Feedback:
    message: 'Expert: translating, xy_err=0.1054m'

Feedback:
    message: 'Expert: translating, xy_err=0.1018m'

Feedback:
    message: 'Expert: translating, xy_err=0.0980m'

Feedback:
    message: 'Expert: translating, xy_err=0.0951m'

Feedback:
    message: 'Expert: translating, xy_err=0.0917m'

Feedback:
    message: 'Expert: translating, xy_err=0.0878m'

Feedback:
    message: 'Expert: translating, xy_err=0.0826m'

Feedback:
    message: 'Expert: translating, xy_err=0.0771m'

Feedback:
    message: 'Expert: translating, xy_err=0.0722m'

Feedback:
    message: 'Expert: translating, xy_err=0.0674m'

Feedback:
    message: 'Expert: translating, xy_err=0.0632m'

Feedback:
    message: 'Expert: translating, xy_err=0.0601m'

Feedback:
    message: 'Expert: translating, xy_err=0.0570m'

Feedback:
    message: 'Expert: translating, xy_err=0.0544m'

Feedback:
    message: 'Expert: translating, xy_err=0.0522m'

Feedback:
    message: 'Expert: translating, xy_err=0.0502m'

Feedback:
    message: 'Expert: translating, xy_err=0.0478m'

Feedback:
    message: 'Expert: translating, xy_err=0.0457m'

Feedback:
    message: 'Expert: translating, xy_err=0.0433m'

Feedback:
    message: 'Expert: translating, xy_err=0.0409m'

Feedback:
    message: 'Expert: translating, xy_err=0.0383m'

Feedback:
    message: 'Expert: translating, xy_err=0.0354m'

Feedback:
    message: 'Expert: translating, xy_err=0.0328m'

Feedback:
    message: 'Expert: translating, xy_err=0.0304m'

Feedback:
    message: 'Expert: translating, xy_err=0.0277m'

Feedback:
    message: 'Expert: translating, xy_err=0.0250m'

Feedback:
    message: 'Expert: translating, xy_err=0.0228m'

Feedback:
    message: 'Expert: translating, xy_err=0.0205m'

Feedback:
    message: 'Expert: translating, xy_err=0.0185m'

Feedback:
    message: 'Expert: translating, xy_err=0.0167m'

Feedback:
    message: 'Expert: translating, xy_err=0.0149m'

Feedback:
    message: 'Expert: translating, xy_err=0.0135m'

Feedback:
    message: 'Expert: translating, xy_err=0.0121m'

Feedback:
    message: 'Expert: translating, xy_err=0.0113m'

Feedback:
    message: 'Expert: translating, xy_err=0.0106m'

Feedback:
    message: 'Expert: translating, xy_err=0.0099m'

Feedback:
    message: 'Expert: translating, xy_err=0.0093m'

Feedback:
    message: 'Expert: translating, xy_err=0.0088m'

Feedback:
    message: 'Expert: translating, xy_err=0.0083m'

Feedback:
    message: 'Expert: translating, xy_err=0.0078m'

Feedback:
    message: 'Expert: translating, xy_err=0.0073m'

Feedback:
    message: 'Expert: translating, xy_err=0.0068m'

Feedback:
    message: 'Expert: translating, xy_err=0.0064m'

Feedback:
    message: 'Expert: translating, xy_err=0.0059m'

Feedback:
    message: 'Expert: translating, xy_err=0.0055m'

Feedback:
    message: 'Expert: translating, xy_err=0.0051m'

Feedback:
    message: 'Expert: translating, xy_err=0.0046m'

Feedback:
    message: 'Expert: translating, xy_err=0.0043m'

Feedback:
    message: 'Expert: translating, xy_err=0.0039m'

Feedback:
    message: 'Expert: translating, xy_err=0.0036m'

Feedback:
    message: 'Expert: translating, xy_err=0.0033m'

Feedback:
    message: 'Expert: translating, xy_err=0.0031m'

Feedback:
    message: 'Expert: lowering, z_above=0.1370m'

Feedback:
    message: 'Expert: lowering, z_above=0.1359m'

Feedback:
    message: 'Expert: lowering, z_above=0.1339m'

Feedback:
    message: 'Expert: lowering, z_above=0.1310m'

Feedback:
    message: 'Expert: translating, xy_err=0.0039m'

Feedback:
    message: 'Expert: translating, xy_err=0.0051m'

Feedback:
    message: 'Expert: translating, xy_err=0.0053m'

Feedback:
    message: 'Expert: translating, xy_err=0.0050m'

Feedback:
    message: 'Expert: translating, xy_err=0.0044m'

Feedback:
    message: 'Expert: translating, xy_err=0.0037m'

Feedback:
    message: 'Expert: translating, xy_err=0.0030m'

Feedback:
    message: 'Expert: lowering, z_above=0.1277m'

Feedback:
    message: 'Expert: lowering, z_above=0.1270m'

Feedback:
    message: 'Expert: lowering, z_above=0.1248m'

Feedback:
    message: 'Expert: translating, xy_err=0.0036m'

Feedback:
    message: 'Expert: translating, xy_err=0.0036m'

Feedback:
    message: 'Expert: lowering, z_above=0.1174m'

Feedback:
    message: 'Expert: lowering, z_above=0.1156m'

Feedback:
    message: 'Expert: lowering, z_above=0.1132m'

Feedback:
    message: 'Expert: lowering, z_above=0.1106m'

Feedback:
    message: 'Expert: descending into port'

Feedback:
    message: 'Expert: inserting, z_remaining=0.1076m'

Feedback:
    message: 'Expert: inserting, z_remaining=0.1055m'

Feedback:
    message: 'Expert: inserting, z_remaining=0.1032m'

Feedback:
    message: 'Expert: inserting, z_remaining=0.1012m'

Feedback:
    message: 'Expert: inserting, z_remaining=0.0993m'

Feedback:
    message: 'Expert: inserting, z_remaining=0.0974m'

Feedback:
    message: 'Expert: inserting, z_remaining=0.0957m'

Feedback:
    message: 'Expert: inserting, z_remaining=0.0940m'

Feedback:
    message: 'Expert: inserting, z_remaining=0.0923m'

Feedback:
    message: 'Expert: inserting, z_remaining=0.0906m'

Feedback:
    message: 'Expert: inserting, z_remaining=0.0889m'

Feedback:
    message: 'Expert: inserting, z_remaining=0.0875m'

Feedback:
    message: 'Expert: inserting, z_remaining=0.0859m'

Feedback:
    message: 'Expert: inserting, z_remaining=0.0843m'

Feedback:
    message: 'Expert: inserting, z_remaining=0.0827m'

Feedback:
    message: 'Expert: inserting, z_remaining=0.0811m'

Feedback:
    message: 'Expert: inserting, z_remaining=0.0794m'

Feedback:
    message: 'Expert: inserting, z_remaining=0.0778m'

Feedback:
    message: 'Expert: inserting, z_remaining=0.0763m'

Feedback:
    message: 'Expert: inserting, z_remaining=0.0747m'

Feedback:
    message: 'Expert: inserting, z_remaining=0.0733m'

Feedback:
    message: 'Expert: inserting, z_remaining=0.0722m'

Feedback:
    message: 'Expert: inserting, z_remaining=0.0711m'

Feedback:
    message: 'Expert: inserting, z_remaining=0.0698m'

Feedback:
    message: 'Expert: inserting, z_remaining=0.0683m'

Feedback:
    message: 'Expert: inserting, z_remaining=0.0667m'

Feedback:
    message: 'Expert: inserting, z_remaining=0.0651m'

Feedback:
    message: 'Expert: inserting, z_remaining=0.0633m'

Feedback:
    message: 'Expert: inserting, z_remaining=0.0616m'

Feedback:
    message: 'Expert: inserting, z_remaining=0.0601m'

Feedback:
    message: 'Expert: inserting, z_remaining=0.0584m'

Feedback:
    message: 'Expert: inserting, z_remaining=0.0566m'

Feedback:
    message: 'Expert: inserting, z_remaining=0.0549m'

Feedback:
    message: 'Expert: inserting, z_remaining=0.0530m'

Feedback:
    message: 'Expert: inserting, z_remaining=0.0512m'

Feedback:
    message: 'Expert: inserting, z_remaining=0.0495m'

Feedback:
    message: 'Expert: inserting, z_remaining=0.0479m'

Feedback:
    message: 'Expert: inserting, z_remaining=0.0462m'

Feedback:
    message: 'Expert: inserting, z_remaining=0.0457m'

Feedback:
    message: 'Expert: inserting, z_remaining=0.0458m'

Feedback:
    message: 'Expert: inserting, z_remaining=0.0458m'

Feedback:
    message: 'Expert: inserting, z_remaining=0.0458m'

Feedback:
    message: 'Expert: inserting, z_remaining=0.0458m'

Feedback:
    message: 'Expert: inserting, z_remaining=0.0458m'

Feedback:
    message: 'Expert: inserting, z_remaining=0.0458m'

Feedback:
    message: 'Expert: inserting, z_remaining=0.0458m'

Feedback:
    message: 'Expert: inserting, z_remaining=0.0458m'

Feedback:
    message: 'Expert: inserting, z_remaining=0.0458m'

Feedback:
    message: 'Expert: inserting, z_remaining=0.0458m'

Feedback:
    message: 'Expert: inserting, z_remaining=0.0458m'

Feedback:
    message: 'Expert: inserting, z_remaining=0.0458m'

Feedback:
    message: 'Expert: inserting, z_remaining=0.0458m'

Feedback:
    message: 'Expert: inserting, z_remaining=0.0458m'

Feedback:
    message: 'Expert: inserting, z_remaining=0.0458m'

Feedback:
    message: 'Expert: inserting, z_remaining=0.0458m'

Feedback:
    message: 'Expert: inserting, z_remaining=0.0458m'

Feedback:
    message: 'Expert: inserting, z_remaining=0.0458m'

Feedback:
    message: 'Expert: inserting, z_remaining=0.0457m'

Feedback:
    message: 'Expert: inserting, z_remaining=0.0457m'

Feedback:
    message: 'Expert: inserting, z_remaining=0.0454m'

Feedback:
    message: 'Expert: inserting, z_remaining=0.0405m'

Feedback:
    message: 'Expert: inserting, z_remaining=0.0337m'

Feedback:
    message: 'Expert: inserting, z_remaining=0.0272m'

Feedback:
    message: 'Expert: inserting, z_remaining=0.0204m'

Feedback:
    message: 'Expert: inserting, z_remaining=0.0147m'

Feedback:
    message: 'Expert: inserting, z_remaining=0.0101m'

Feedback:
    message: 'Expert: inserting, z_remaining=0.0064m'

Feedback:
    message: 'Expert: inserting, z_remaining=0.0033m'

Feedback:
    message: 'Expert: inserting, z_remaining=0.0012m'

Feedback:
    message: 'Expert: inserting, z_remaining=-0.0000m'

Feedback:
    message: 'Expert: inserting, z_remaining=-0.0007m'

Feedback:
    message: 'Expert: inserting, z_remaining=-0.0010m'

Feedback:
    message: 'Expert: inserting, z_remaining=-0.0010m'

Feedback:
    message: 'Expert: inserting, z_remaining=-0.0008m'

Feedback:
    message: 'Expert: inserting, z_remaining=-0.0005m'

Feedback:
    message: 'Expert: inserting, z_remaining=-0.0003m'

Feedback:
    message: 'Expert: inserting, z_remaining=0.0000m'

Feedback:
    message: 'Expert: inserting, z_remaining=0.0001m'

Feedback:
    message: 'Expert: inserting, z_remaining=0.0002m'

Feedback:
    message: 'Expert: inserting, z_remaining=0.0002m'

Result:
    success: true
message: ''

Goal finished with status: SUCCEEDED
