Waiting for an action server to become available...
Sending goal:
     task:
  id: scenario_004
  cable_type: sfp_sc
  cable_name: cable_0
  plug_type: sfp
  plug_name: sfp_tip
  port_type: sfp
  port_name: sfp_port_0
  target_module_name: nic_card_mount_0
  time_limit: 60

Goal accepted with ID: bf5e01ca78964b84bfa292897aa3e8b8

Feedback:
    message: 'Expert: approaching port'

Feedback:
    message: 'Expert: translating, xy_err=0.2593m'

Feedback:
    message: 'Expert: translating, xy_err=0.2591m'

Feedback:
    message: 'Expert: translating, xy_err=0.2574m'

Feedback:
    message: 'Expert: translating, xy_err=0.2546m'

Feedback:
    message: 'Expert: translating, xy_err=0.2508m'

Feedback:
    message: 'Expert: translating, xy_err=0.2464m'

Feedback:
    message: 'Expert: translating, xy_err=0.2420m'

Feedback:
    message: 'Expert: translating, xy_err=0.2372m'

Feedback:
    message: 'Expert: translating, xy_err=0.2333m'

Feedback:
    message: 'Expert: translating, xy_err=0.2302m'

Feedback:
    message: 'Expert: translating, xy_err=0.2257m'

Feedback:
    message: 'Expert: translating, xy_err=0.2213m'

Feedback:
    message: 'Expert: translating, xy_err=0.2169m'

Feedback:
    message: 'Expert: translating, xy_err=0.2129m'

Feedback:
    message: 'Expert: translating, xy_err=0.2093m'

Feedback:
    message: 'Expert: translating, xy_err=0.2059m'

Feedback:
    message: 'Expert: translating, xy_err=0.2024m'

Feedback:
    message: 'Expert: translating, xy_err=0.1992m'

Feedback:
    message: 'Expert: translating, xy_err=0.1960m'

Feedback:
    message: 'Expert: translating, xy_err=0.1930m'

Feedback:
    message: 'Expert: translating, xy_err=0.1899m'

Feedback:
    message: 'Expert: translating, xy_err=0.1867m'

Feedback:
    message: 'Expert: translating, xy_err=0.1836m'

Feedback:
    message: 'Expert: translating, xy_err=0.1804m'

Feedback:
    message: 'Expert: translating, xy_err=0.1773m'

Feedback:
    message: 'Expert: translating, xy_err=0.1739m'

Feedback:
    message: 'Expert: translating, xy_err=0.1705m'

Feedback:
    message: 'Expert: translating, xy_err=0.1669m'

Feedback:
    message: 'Expert: translating, xy_err=0.1636m'

Feedback:
    message: 'Expert: translating, xy_err=0.1600m'

Feedback:
    message: 'Expert: translating, xy_err=0.1566m'

Feedback:
    message: 'Expert: translating, xy_err=0.1533m'

Feedback:
    message: 'Expert: translating, xy_err=0.1504m'

Feedback:
    message: 'Expert: translating, xy_err=0.1477m'

Feedback:
    message: 'Expert: translating, xy_err=0.1449m'

Feedback:
    message: 'Expert: translating, xy_err=0.1424m'

Feedback:
    message: 'Expert: translating, xy_err=0.1402m'

Feedback:
    message: 'Expert: translating, xy_err=0.1380m'

Feedback:
    message: 'Expert: translating, xy_err=0.1355m'

Feedback:
    message: 'Expert: translating, xy_err=0.1329m'

Feedback:
    message: 'Expert: translating, xy_err=0.1306m'

Feedback:
    message: 'Expert: translating, xy_err=0.1280m'

Feedback:
    message: 'Expert: translating, xy_err=0.1256m'

Feedback:
    message: 'Expert: translating, xy_err=0.1237m'

Feedback:
    message: 'Expert: translating, xy_err=0.1219m'

Feedback:
    message: 'Expert: translating, xy_err=0.1206m'

Feedback:
    message: 'Expert: translating, xy_err=0.1198m'

Feedback:
    message: 'Expert: translating, xy_err=0.1192m'

Feedback:
    message: 'Expert: translating, xy_err=0.1188m'

Feedback:
    message: 'Expert: translating, xy_err=0.1187m'

Feedback:
    message: 'Expert: translating, xy_err=0.1187m'

Feedback:
    message: 'Expert: translating, xy_err=0.1187m'

Feedback:
    message: 'Expert: translating, xy_err=0.1186m'

Feedback:
    message: 'Expert: translating, xy_err=0.1184m'

Feedback:
    message: 'Expert: translating, xy_err=0.1180m'

Feedback:
    message: 'Expert: translating, xy_err=0.1174m'

Feedback:
    message: 'Expert: translating, xy_err=0.1166m'

Feedback:
    message: 'Expert: translating, xy_err=0.1159m'

Feedback:
    message: 'Expert: translating, xy_err=0.1151m'

Feedback:
    message: 'Expert: translating, xy_err=0.1144m'

Feedback:
    message: 'Expert: translating, xy_err=0.1137m'

Feedback:
    message: 'Expert: translating, xy_err=0.1132m'

Feedback:
    message: 'Expert: translating, xy_err=0.1128m'

Feedback:
    message: 'Expert: translating, xy_err=0.1127m'

Feedback:
    message: 'Expert: translating, xy_err=0.1127m'

Feedback:
    message: 'Expert: translating, xy_err=0.1128m'

Feedback:
    message: 'Expert: translating, xy_err=0.1131m'

Feedback:
    message: 'Expert: translating, xy_err=0.1134m'

Feedback:
    message: 'Expert: translating, xy_err=0.1137m'

Feedback:
    message: 'Expert: translating, xy_err=0.1141m'

Feedback:
    message: 'Expert: translating, xy_err=0.1143m'

Feedback:
    message: 'Expert: translating, xy_err=0.1145m'

Feedback:
    message: 'Expert: translating, xy_err=0.1146m'

Feedback:
    message: 'Expert: translating, xy_err=0.1146m'

Feedback:
    message: 'Expert: translating, xy_err=0.1146m'

Feedback:
    message: 'Expert: translating, xy_err=0.1145m'

Feedback:
    message: 'Expert: translating, xy_err=0.1144m'

Feedback:
    message: 'Expert: translating, xy_err=0.1142m'

Feedback:
    message: 'Expert: translating, xy_err=0.1140m'

Feedback:
    message: 'Expert: translating, xy_err=0.1138m'

Feedback:
    message: 'Expert: translating, xy_err=0.1136m'

Feedback:
    message: 'Expert: translating, xy_err=0.1135m'

Feedback:
    message: 'Expert: translating, xy_err=0.1135m'

Feedback:
    message: 'Expert: translating, xy_err=0.1135m'

Feedback:
    message: 'Expert: translating, xy_err=0.1137m'

Feedback:
    message: 'Expert: translating, xy_err=0.1138m'

Feedback:
    message: 'Expert: translating, xy_err=0.1140m'

Feedback:
    message: 'Expert: translating, xy_err=0.1143m'

Feedback:
    message: 'Expert: translating, xy_err=0.1144m'

Feedback:
    message: 'Expert: translating, xy_err=0.1146m'

Feedback:
    message: 'Expert: translating, xy_err=0.1146m'

Feedback:
    message: 'Expert: translating, xy_err=0.1146m'

Feedback:
    message: 'Expert: translating, xy_err=0.1145m'

Feedback:
    message: 'Expert: translating, xy_err=0.1144m'

Feedback:
    message: 'Expert: translating, xy_err=0.1142m'

Feedback:
    message: 'Expert: translating, xy_err=0.1140m'

Feedback:
    message: 'Expert: translating, xy_err=0.1138m'

Feedback:
    message: 'Expert: translating, xy_err=0.1137m'

Feedback:
    message: 'Expert: translating, xy_err=0.1135m'

Feedback:
    message: 'Expert: translating, xy_err=0.1135m'

Feedback:
    message: 'Expert: descending into port'

Feedback:
    message: 'Expert: inserting, z_remaining=0.1122m'

Feedback:
    message: 'Expert: inserting, z_remaining=0.1106m'

Feedback:
    message: 'Expert: inserting, z_remaining=0.1084m'

Feedback:
    message: 'Expert: inserting, z_remaining=0.1064m'

Feedback:
    message: 'Expert: inserting, z_remaining=0.1036m'

Feedback:
    message: 'Expert: inserting, z_remaining=0.1016m'

Feedback:
    message: 'Expert: inserting, z_remaining=0.0996m'

Feedback:
    message: 'Expert: inserting, z_remaining=0.0981m'

Feedback:
    message: 'Expert: inserting, z_remaining=0.0964m'

Feedback:
    message: 'Expert: inserting, z_remaining=0.0948m'

Feedback:
    message: 'Expert: inserting, z_remaining=0.0933m'

Feedback:
    message: 'Expert: inserting, z_remaining=0.0920m'

Feedback:
    message: 'Expert: inserting, z_remaining=0.0907m'

Feedback:
    message: 'Expert: inserting, z_remaining=0.0895m'

Feedback:
    message: 'Expert: inserting, z_remaining=0.0884m'

Feedback:
    message: 'Expert: inserting, z_remaining=0.0873m'

Feedback:
    message: 'Expert: inserting, z_remaining=0.0863m'

Feedback:
    message: 'Expert: inserting, z_remaining=0.0854m'

Feedback:
    message: 'Expert: inserting, z_remaining=0.0843m'

Feedback:
    message: 'Expert: inserting, z_remaining=0.0833m'

Feedback:
    message: 'Expert: inserting, z_remaining=0.0823m'

Feedback:
    message: 'Expert: inserting, z_remaining=0.0812m'

Feedback:
    message: 'Expert: inserting, z_remaining=0.0801m'

Feedback:
    message: 'Expert: inserting, z_remaining=0.0790m'

Feedback:
    message: 'Expert: inserting, z_remaining=0.0779m'

Feedback:
    message: 'Expert: inserting, z_remaining=0.0767m'

Feedback:
    message: 'Expert: inserting, z_remaining=0.0757m'

Feedback:
    message: 'Expert: inserting, z_remaining=0.0746m'

Feedback:
    message: 'Expert: inserting, z_remaining=0.0736m'

Feedback:
    message: 'Expert: inserting, z_remaining=0.0724m'

Feedback:
    message: 'Expert: inserting, z_remaining=0.0713m'

Feedback:
    message: 'Expert: inserting, z_remaining=0.0702m'

Feedback:
    message: 'Expert: inserting, z_remaining=0.0691m'

Feedback:
    message: 'Expert: inserting, z_remaining=0.0680m'

Feedback:
    message: 'Expert: inserting, z_remaining=0.0668m'

Feedback:
    message: 'Expert: inserting, z_remaining=0.0657m'

Feedback:
    message: 'Expert: inserting, z_remaining=0.0646m'

Feedback:
    message: 'Expert: inserting, z_remaining=0.0635m'

Feedback:
    message: 'Expert: inserting, z_remaining=0.0625m'

Feedback:
    message: 'Expert: inserting, z_remaining=0.0614m'

Feedback:
    message: 'Expert: inserting, z_remaining=0.0602m'

Feedback:
    message: 'Expert: inserting, z_remaining=0.0591m'

Feedback:
    message: 'Expert: inserting, z_remaining=0.0581m'

Feedback:
    message: 'Expert: inserting, z_remaining=0.0570m'

Feedback:
    message: 'Expert: inserting, z_remaining=0.0559m'

Feedback:
    message: 'Expert: inserting, z_remaining=0.0546m'

Feedback:
    message: 'Expert: inserting, z_remaining=0.0534m'

Feedback:
    message: 'Expert: inserting, z_remaining=0.0524m'

Feedback:
    message: 'Expert: inserting, z_remaining=0.0512m'

Feedback:
    message: 'Expert: inserting, z_remaining=0.0502m'

Feedback:
    message: 'Expert: inserting, z_remaining=0.0490m'

Feedback:
    message: 'Expert: inserting, z_remaining=0.0479m'

Feedback:
    message: 'Expert: inserting, z_remaining=0.0468m'

Feedback:
    message: 'Expert: inserting, z_remaining=0.0456m'

Feedback:
    message: 'Expert: inserting, z_remaining=0.0444m'

Feedback:
    message: 'Expert: inserting, z_remaining=0.0430m'

Feedback:
    message: 'Expert: inserting, z_remaining=0.0421m'

Feedback:
    message: 'Expert: inserting, z_remaining=0.0411m'

Feedback:
    message: 'Expert: inserting, z_remaining=0.0400m'

Feedback:
    message: 'Expert: inserting, z_remaining=0.0389m'

Feedback:
    message: 'Expert: inserting, z_remaining=0.0378m'

Feedback:
    message: 'Expert: inserting, z_remaining=0.0366m'

Feedback:
    message: 'Expert: inserting, z_remaining=0.0354m'

Feedback:
    message: 'Expert: inserting, z_remaining=0.0343m'

Feedback:
    message: 'Expert: inserting, z_remaining=0.0332m'

Feedback:
    message: 'Expert: inserting, z_remaining=0.0320m'

Feedback:
    message: 'Expert: inserting, z_remaining=0.0309m'

Feedback:
    message: 'Expert: inserting, z_remaining=0.0300m'

Feedback:
    message: 'Expert: inserting, z_remaining=0.0291m'

Feedback:
    message: 'Expert: inserting, z_remaining=0.0283m'

Feedback:
    message: 'Expert: inserting, z_remaining=0.0274m'

Feedback:
    message: 'Expert: inserting, z_remaining=0.0266m'

Feedback:
    message: 'Expert: inserting, z_remaining=0.0259m'

Feedback:
    message: 'Expert: inserting, z_remaining=0.0250m'

Feedback:
    message: 'Expert: inserting, z_remaining=0.0242m'

Feedback:
    message: 'Expert: inserting, z_remaining=0.0234m'

Feedback:
    message: 'Expert: inserting, z_remaining=0.0227m'

Feedback:
    message: 'Expert: inserting, z_remaining=0.0221m'

Feedback:
    message: 'Expert: inserting, z_remaining=0.0215m'

Feedback:
    message: 'Expert: inserting, z_remaining=0.0209m'

Result:
    success: true
message: ''

Goal finished with status: SUCCEEDED
