Waiting for an action server to become available...
Sending goal:
     task:
  id: scenario_008
  cable_type: sfp_sc
  cable_name: cable_0
  plug_type: sc
  plug_name: sc_tip
  port_type: sc
  port_name: sc_port_base
  target_module_name: sc_port_1
  time_limit: 60

Goal accepted with ID: b463aff148794e2f9a94dcb82f6b2059

Feedback:
    message: 'Expert: approaching port'

Feedback:
    message: 'Expert: translating, xy_err=0.3102m'

Feedback:
    message: 'Expert: translating, xy_err=0.3120m'

Feedback:
    message: 'Expert: translating, xy_err=0.3117m'

Feedback:
    message: 'Expert: translating, xy_err=0.3096m'

Feedback:
    message: 'Expert: translating, xy_err=0.3063m'

Feedback:
    message: 'Expert: translating, xy_err=0.3024m'

Feedback:
    message: 'Expert: translating, xy_err=0.2980m'

Feedback:
    message: 'Expert: translating, xy_err=0.2935m'

Feedback:
    message: 'Expert: translating, xy_err=0.2891m'

Feedback:
    message: 'Expert: translating, xy_err=0.2845m'

Feedback:
    message: 'Expert: translating, xy_err=0.2801m'

Feedback:
    message: 'Expert: translating, xy_err=0.2760m'

Feedback:
    message: 'Expert: translating, xy_err=0.2726m'

Feedback:
    message: 'Expert: translating, xy_err=0.2687m'

Feedback:
    message: 'Expert: translating, xy_err=0.2657m'

Feedback:
    message: 'Expert: translating, xy_err=0.2627m'

Feedback:
    message: 'Expert: translating, xy_err=0.2599m'

Feedback:
    message: 'Expert: translating, xy_err=0.2574m'

Feedback:
    message: 'Expert: translating, xy_err=0.2549m'

Feedback:
    message: 'Expert: translating, xy_err=0.2523m'

Feedback:
    message: 'Expert: translating, xy_err=0.2494m'

Feedback:
    message: 'Expert: translating, xy_err=0.2456m'

Feedback:
    message: 'Expert: translating, xy_err=0.2416m'

Feedback:
    message: 'Expert: translating, xy_err=0.2380m'

Feedback:
    message: 'Expert: translating, xy_err=0.2342m'

Feedback:
    message: 'Expert: translating, xy_err=0.2311m'

Feedback:
    message: 'Expert: translating, xy_err=0.2283m'

Feedback:
    message: 'Expert: translating, xy_err=0.2260m'

Feedback:
    message: 'Expert: translating, xy_err=0.2238m'

Feedback:
    message: 'Expert: translating, xy_err=0.2217m'

Feedback:
    message: 'Expert: translating, xy_err=0.2195m'

Feedback:
    message: 'Expert: translating, xy_err=0.2173m'

Feedback:
    message: 'Expert: translating, xy_err=0.2152m'

Feedback:
    message: 'Expert: translating, xy_err=0.2131m'

Feedback:
    message: 'Expert: translating, xy_err=0.2108m'

Feedback:
    message: 'Expert: translating, xy_err=0.2083m'

Feedback:
    message: 'Expert: translating, xy_err=0.2060m'

Feedback:
    message: 'Expert: translating, xy_err=0.2034m'

Feedback:
    message: 'Expert: translating, xy_err=0.2007m'

Feedback:
    message: 'Expert: translating, xy_err=0.1977m'

Feedback:
    message: 'Expert: translating, xy_err=0.1946m'

Feedback:
    message: 'Expert: translating, xy_err=0.1918m'

Feedback:
    message: 'Expert: translating, xy_err=0.1887m'

Feedback:
    message: 'Expert: translating, xy_err=0.1858m'

Feedback:
    message: 'Expert: translating, xy_err=0.1831m'

Feedback:
    message: 'Expert: translating, xy_err=0.1807m'

Feedback:
    message: 'Expert: translating, xy_err=0.1781m'

Feedback:
    message: 'Expert: translating, xy_err=0.1758m'

Feedback:
    message: 'Expert: translating, xy_err=0.1738m'

Feedback:
    message: 'Expert: translating, xy_err=0.1718m'

Feedback:
    message: 'Expert: translating, xy_err=0.1701m'

Feedback:
    message: 'Expert: translating, xy_err=0.1683m'

Feedback:
    message: 'Expert: translating, xy_err=0.1667m'

Feedback:
    message: 'Expert: translating, xy_err=0.1650m'

Feedback:
    message: 'Expert: translating, xy_err=0.1635m'

Feedback:
    message: 'Expert: translating, xy_err=0.1618m'

Feedback:
    message: 'Expert: translating, xy_err=0.1602m'

Feedback:
    message: 'Expert: translating, xy_err=0.1586m'

Feedback:
    message: 'Expert: translating, xy_err=0.1570m'

Feedback:
    message: 'Expert: translating, xy_err=0.1555m'

Feedback:
    message: 'Expert: translating, xy_err=0.1540m'

Feedback:
    message: 'Expert: translating, xy_err=0.1524m'

Feedback:
    message: 'Expert: translating, xy_err=0.1508m'

Feedback:
    message: 'Expert: translating, xy_err=0.1493m'

Feedback:
    message: 'Expert: translating, xy_err=0.1481m'

Feedback:
    message: 'Expert: translating, xy_err=0.1467m'

Feedback:
    message: 'Expert: translating, xy_err=0.1454m'

Feedback:
    message: 'Expert: translating, xy_err=0.1441m'

Feedback:
    message: 'Expert: translating, xy_err=0.1428m'

Feedback:
    message: 'Expert: translating, xy_err=0.1416m'

Feedback:
    message: 'Expert: translating, xy_err=0.1405m'

Feedback:
    message: 'Expert: translating, xy_err=0.1393m'

Feedback:
    message: 'Expert: translating, xy_err=0.1382m'

Feedback:
    message: 'Expert: translating, xy_err=0.1368m'

Feedback:
    message: 'Expert: translating, xy_err=0.1342m'

Feedback:
    message: 'Expert: translating, xy_err=0.1320m'

Feedback:
    message: 'Expert: translating, xy_err=0.1306m'

Feedback:
    message: 'Expert: translating, xy_err=0.1292m'

Feedback:
    message: 'Expert: translating, xy_err=0.1280m'

Feedback:
    message: 'Expert: translating, xy_err=0.1269m'

Feedback:
    message: 'Expert: translating, xy_err=0.1259m'

Feedback:
    message: 'Expert: translating, xy_err=0.1248m'

Feedback:
    message: 'Expert: translating, xy_err=0.1239m'

Feedback:
    message: 'Expert: translating, xy_err=0.1230m'

Feedback:
    message: 'Expert: translating, xy_err=0.1223m'

Feedback:
    message: 'Expert: translating, xy_err=0.1216m'

Feedback:
    message: 'Expert: translating, xy_err=0.1211m'

Feedback:
    message: 'Expert: translating, xy_err=0.1206m'

Feedback:
    message: 'Expert: translating, xy_err=0.1202m'

Feedback:
    message: 'Expert: translating, xy_err=0.1198m'

Feedback:
    message: 'Expert: translating, xy_err=0.1194m'

Feedback:
    message: 'Expert: translating, xy_err=0.1191m'

Feedback:
    message: 'Expert: translating, xy_err=0.1187m'

Feedback:
    message: 'Expert: translating, xy_err=0.1184m'

Feedback:
    message: 'Expert: translating, xy_err=0.1181m'

Feedback:
    message: 'Expert: translating, xy_err=0.1178m'

Feedback:
    message: 'Expert: translating, xy_err=0.1174m'

Feedback:
    message: 'Expert: translating, xy_err=0.1171m'

Feedback:
    message: 'Expert: translating, xy_err=0.1167m'

Feedback:
    message: 'Expert: translating, xy_err=0.1164m'

Feedback:
    message: 'Expert: descending into port'

Feedback:
    message: 'Expert: inserting, z_remaining=0.2866m'

Feedback:
    message: 'Expert: inserting, z_remaining=0.2861m'

Feedback:
    message: 'Expert: inserting, z_remaining=0.2851m'

Feedback:
    message: 'Expert: inserting, z_remaining=0.2838m'

Feedback:
    message: 'Expert: inserting, z_remaining=0.2823m'

Feedback:
    message: 'Expert: inserting, z_remaining=0.2809m'

Feedback:
    message: 'Expert: inserting, z_remaining=0.2794m'

Feedback:
    message: 'Expert: inserting, z_remaining=0.2781m'

Feedback:
    message: 'Expert: inserting, z_remaining=0.2769m'

Feedback:
    message: 'Expert: inserting, z_remaining=0.2757m'

Feedback:
    message: 'Expert: inserting, z_remaining=0.2744m'

Feedback:
    message: 'Expert: inserting, z_remaining=0.2735m'

Feedback:
    message: 'Expert: inserting, z_remaining=0.2753m'

Feedback:
    message: 'Expert: inserting, z_remaining=0.2782m'

Feedback:
    message: 'Expert: inserting, z_remaining=0.2808m'

Feedback:
    message: 'Expert: inserting, z_remaining=0.2781m'

Feedback:
    message: 'Expert: inserting, z_remaining=0.2766m'

Feedback:
    message: 'Expert: inserting, z_remaining=0.2760m'

Feedback:
    message: 'Expert: inserting, z_remaining=0.2759m'

Feedback:
    message: 'Expert: inserting, z_remaining=0.2756m'

Feedback:
    message: 'Expert: inserting, z_remaining=0.2747m'

Feedback:
    message: 'Expert: inserting, z_remaining=0.2721m'

Feedback:
    message: 'Expert: inserting, z_remaining=0.2701m'

Feedback:
    message: 'Expert: inserting, z_remaining=0.2680m'

Feedback:
    message: 'Expert: inserting, z_remaining=0.2668m'

Feedback:
    message: 'Expert: inserting, z_remaining=0.2658m'

Feedback:
    message: 'Expert: inserting, z_remaining=0.2647m'

Feedback:
    message: 'Expert: inserting, z_remaining=0.2640m'

Feedback:
    message: 'Expert: inserting, z_remaining=0.2633m'

Feedback:
    message: 'Expert: inserting, z_remaining=0.2624m'

Feedback:
    message: 'Expert: inserting, z_remaining=0.2617m'

Feedback:
    message: 'Expert: inserting, z_remaining=0.2610m'

Feedback:
    message: 'Expert: inserting, z_remaining=0.2603m'

Feedback:
    message: 'Expert: inserting, z_remaining=0.2595m'

Feedback:
    message: 'Expert: inserting, z_remaining=0.2586m'

Feedback:
    message: 'Expert: inserting, z_remaining=0.2575m'

Feedback:
    message: 'Expert: inserting, z_remaining=0.2565m'

Feedback:
    message: 'Expert: inserting, z_remaining=0.2554m'

Feedback:
    message: 'Expert: inserting, z_remaining=0.2543m'

Feedback:
    message: 'Expert: inserting, z_remaining=0.2530m'

Feedback:
    message: 'Expert: inserting, z_remaining=0.2518m'

Feedback:
    message: 'Expert: inserting, z_remaining=0.2505m'

Feedback:
    message: 'Expert: inserting, z_remaining=0.2493m'

Feedback:
    message: 'Expert: inserting, z_remaining=0.2480m'

Feedback:
    message: 'Expert: inserting, z_remaining=0.2467m'

Feedback:
    message: 'Expert: inserting, z_remaining=0.2453m'

Feedback:
    message: 'Expert: inserting, z_remaining=0.2441m'

Feedback:
    message: 'Expert: inserting, z_remaining=0.2428m'

Feedback:
    message: 'Expert: inserting, z_remaining=0.2415m'

Feedback:
    message: 'Expert: inserting, z_remaining=0.2402m'

Feedback:
    message: 'Expert: inserting, z_remaining=0.2390m'

Feedback:
    message: 'Expert: inserting, z_remaining=0.2376m'

Feedback:
    message: 'Expert: inserting, z_remaining=0.2362m'

Feedback:
    message: 'Expert: inserting, z_remaining=0.2349m'

Feedback:
    message: 'Expert: inserting, z_remaining=0.2337m'

Feedback:
    message: 'Expert: inserting, z_remaining=0.2324m'

Feedback:
    message: 'Expert: inserting, z_remaining=0.2311m'

Feedback:
    message: 'Expert: inserting, z_remaining=0.2299m'

Feedback:
    message: 'Expert: inserting, z_remaining=0.2286m'

Feedback:
    message: 'Expert: inserting, z_remaining=0.2273m'

Feedback:
    message: 'Expert: inserting, z_remaining=0.2259m'

Feedback:
    message: 'Expert: inserting, z_remaining=0.2246m'

Feedback:
    message: 'Expert: inserting, z_remaining=0.2233m'

Feedback:
    message: 'Expert: inserting, z_remaining=0.2220m'

Feedback:
    message: 'Expert: inserting, z_remaining=0.2207m'

Feedback:
    message: 'Expert: inserting, z_remaining=0.2193m'

Feedback:
    message: 'Expert: inserting, z_remaining=0.2180m'

Feedback:
    message: 'Expert: inserting, z_remaining=0.2163m'

Feedback:
    message: 'Expert: inserting, z_remaining=0.2143m'

Feedback:
    message: 'Expert: inserting, z_remaining=0.2122m'

Feedback:
    message: 'Expert: inserting, z_remaining=0.2103m'

Feedback:
    message: 'Expert: inserting, z_remaining=0.2084m'

Feedback:
    message: 'Expert: inserting, z_remaining=0.2066m'

Feedback:
    message: 'Expert: inserting, z_remaining=0.2049m'

Feedback:
    message: 'Expert: inserting, z_remaining=0.2031m'

Feedback:
    message: 'Expert: inserting, z_remaining=0.2013m'

Feedback:
    message: 'Expert: inserting, z_remaining=0.1997m'

Feedback:
    message: 'Expert: inserting, z_remaining=0.1982m'

Feedback:
    message: 'Expert: inserting, z_remaining=0.1967m'

Feedback:
    message: 'Expert: inserting, z_remaining=0.1952m'

Result:
    success: true
message: ''

Goal finished with status: SUCCEEDED
