header:
  stamp:
    sec: 18
    nanosec: 962000000
  frame_id: base_link
pose:
  position:
    x: -0.3270849061751482
    y: -0.0192275848884823
    z: 0.24138854267591758
  orientation:
    x: -0.9684544449425763
    y: -0.18351757724993348
    z: -0.041098850051891705
    w: -0.16348752685050005
velocity:
  linear:
    x: 0.0
    y: 0.0
    z: 0.0
  angular:
    x: 0.0
    y: 0.0
    z: 0.0
target_stiffness:
- 90.0
- 0.0
- 0.0
- 0.0
- 0.0
- 0.0
- 0.0
- 90.0
- 0.0
- 0.0
- 0.0
- 0.0
- 0.0
- 0.0
- 90.0
- 0.0
- 0.0
- 0.0
- 0.0
- 0.0
- 0.0
- 50.0
- 0.0
- 0.0
- 0.0
- 0.0
- 0.0
- 0.0
- 50.0
- 0.0
- 0.0
- 0.0
- 0.0
- 0.0
- 0.0
- 50.0
target_damping:
- 50.0
- 0.0
- 0.0
- 0.0
- 0.0
- 0.0
- 0.0
- 50.0
- 0.0
- 0.0
- 0.0
- 0.0
- 0.0
- 0.0
- 50.0
- 0.0
- 0.0
- 0.0
- 0.0
- 0.0
- 0.0
- 20.0
- 0.0
- 0.0
- 0.0
- 0.0
- 0.0
- 0.0
- 20.0
- 0.0
- 0.0
- 0.0
- 0.0
- 0.0
- 0.0
- 20.0
feedforward_wrench_at_tip:
  force:
    x: 0.0
    y: 0.0
    z: 0.0
  torque:
    x: 0.0
    y: 0.0
    z: 0.0
wrench_feedback_gains_at_tip:
- 0.5
- 0.5
- 0.5
- 0.0
- 0.0
- 0.0
trajectory_generation_mode:
  mode: 2
---
